  [1m[35m (828.3ms)[0m  [1m[35mCREATE DATABASE "todos-project2_development" ENCODING = 'unicode'[0m
  ↳ bin/rails:9
  [1m[35m (330.0ms)[0m  [1m[35mCREATE DATABASE "todos-project2_test" ENCODING = 'unicode'[0m
  ↳ bin/rails:9
  [1m[35m (109.2ms)[0m  [1m[35mCREATE TABLE "schema_migrations" ("version" character varying NOT NULL PRIMARY KEY)[0m
  ↳ bin/rails:9
  [1m[35m (5.1ms)[0m  [1m[35mCREATE TABLE "ar_internal_metadata" ("key" character varying NOT NULL PRIMARY KEY, "value" character varying, "created_at" timestamp NOT NULL, "updated_at" timestamp NOT NULL)[0m
  ↳ bin/rails:9
  [1m[35m (10.4ms)[0m  [1m[34mSELECT pg_try_advisory_lock(2855142674268433080)[0m
  ↳ bin/rails:9
  [1m[35m (0.8ms)[0m  [1m[34mSELECT "schema_migrations"."version" FROM "schema_migrations" ORDER BY "schema_migrations"."version" ASC[0m
  ↳ bin/rails:9
Migrating to CreateTodos (20190521174209)
  [1m[35m (0.3ms)[0m  [1m[35mBEGIN[0m
  ↳ bin/rails:9
  [1m[35m (25.7ms)[0m  [1m[35mCREATE TABLE "todos" ("id" bigserial primary key, "title" character varying NOT NULL, "body" character varying NOT NULL, "done" boolean NOT NULL, "created_at" timestamp NOT NULL, "updated_at" timestamp NOT NULL)[0m
  ↳ db/migrate/20190521174209_create_todos.rb:3
  [1m[36mActiveRecord::SchemaMigration Create (0.7ms)[0m  [1m[32mINSERT INTO "schema_migrations" ("version") VALUES ($1) RETURNING "version"[0m  [["version", "20190521174209"]]
  ↳ bin/rails:9
  [1m[35m (1.1ms)[0m  [1m[35mCOMMIT[0m
  ↳ bin/rails:9
  [1m[36mActiveRecord::InternalMetadata Load (0.5ms)[0m  [1m[34mSELECT  "ar_internal_metadata".* FROM "ar_internal_metadata" WHERE "ar_internal_metadata"."key" = $1 LIMIT $2[0m  [["key", "environment"], ["LIMIT", 1]]
  ↳ bin/rails:9
  [1m[35m (0.2ms)[0m  [1m[35mBEGIN[0m
  ↳ bin/rails:9
  [1m[36mActiveRecord::InternalMetadata Create (20.4ms)[0m  [1m[32mINSERT INTO "ar_internal_metadata" ("key", "value", "created_at", "updated_at") VALUES ($1, $2, $3, $4) RETURNING "key"[0m  [["key", "environment"], ["value", "development"], ["created_at", "2019-05-21 17:43:24.610940"], ["updated_at", "2019-05-21 17:43:24.610940"]]
  ↳ bin/rails:9
  [1m[35m (0.7ms)[0m  [1m[35mCOMMIT[0m
  ↳ bin/rails:9
  [1m[35m (0.5ms)[0m  [1m[34mSELECT pg_advisory_unlock(2855142674268433080)[0m
  ↳ bin/rails:9
  [1m[35m (0.9ms)[0m  [1m[34mSELECT "schema_migrations"."version" FROM "schema_migrations" ORDER BY "schema_migrations"."version" ASC[0m
  ↳ bin/rails:9
  [1m[35m (1.0ms)[0m  [1m[34mSELECT "schema_migrations"."version" FROM "schema_migrations" ORDER BY "schema_migrations"."version" ASC[0m
  ↳ /Users/aa/.rbenv/versions/2.5.1/bin/annotate:23
  [1m[36mTodo Load (18.9ms)[0m  [1m[34mSELECT "todos".* FROM "todos"[0m
  [1m[35m (0.3ms)[0m  [1m[35mBEGIN[0m
  [1m[36mTodo Create (50.5ms)[0m  [1m[32mINSERT INTO "todos" ("title", "body", "done", "created_at", "updated_at") VALUES ($1, $2, $3, $4, $5) RETURNING "id"[0m  [["title", "hello"], ["body", "boop"], ["done", true], ["created_at", "2019-05-21 17:48:08.648843"], ["updated_at", "2019-05-21 17:48:08.648843"]]
  [1m[35m (13.7ms)[0m  [1m[35mCOMMIT[0m
  [1m[36mTodo Load (48.4ms)[0m  [1m[34mSELECT "todos".* FROM "todos"[0m
Started GET "/" for ::1 at 2019-05-21 14:05:24 -0400
  [1m[35m (3.4ms)[0m  [1m[34mSELECT "schema_migrations"."version" FROM "schema_migrations" ORDER BY "schema_migrations"."version" ASC[0m
  ↳ /Users/aa/.rbenv/versions/2.5.1/lib/ruby/gems/2.5.0/gems/activerecord-5.2.3/lib/active_record/log_subscriber.rb:98

NameError - uninitialized constant StaticPagesController:

Started POST "/__better_errors/b63d4eed1e248046/variables" for ::1 at 2019-05-21 14:05:25 -0400
Started GET "/" for ::1 at 2019-05-21 14:05:57 -0400
Processing by StaticPagesController#root as HTML
  Rendering static_pages/root.html.erb within layouts/application
  Rendered static_pages/root.html.erb within layouts/application (1.7ms)
Completed 200 OK in 930ms (Views: 912.7ms | ActiveRecord: 0.0ms)


Started GET "/api/todos" for ::1 at 2019-05-21 14:06:27 -0400

AbstractController::ActionNotFound - The action 'index' could not be found for Api::TodosController:

Started GET "/api/todo" for ::1 at 2019-05-21 14:07:02 -0400
  
ActionController::RoutingError (No route matches [GET] "/api/todo"):
  
actionpack (5.2.3) lib/action_dispatch/middleware/debug_exceptions.rb:65:in `call'
web-console (3.7.0) lib/web_console/middleware.rb:135:in `call_app'
web-console (3.7.0) lib/web_console/middleware.rb:30:in `block in call'
web-console (3.7.0) lib/web_console/middleware.rb:20:in `catch'
web-console (3.7.0) lib/web_console/middleware.rb:20:in `call'
actionpack (5.2.3) lib/action_dispatch/middleware/show_exceptions.rb:33:in `call'
railties (5.2.3) lib/rails/rack/logger.rb:38:in `call_app'
railties (5.2.3) lib/rails/rack/logger.rb:26:in `block in call'
activesupport (5.2.3) lib/active_support/tagged_logging.rb:71:in `block in tagged'
activesupport (5.2.3) lib/active_support/tagged_logging.rb:28:in `tagged'
activesupport (5.2.3) lib/active_support/tagged_logging.rb:71:in `tagged'
railties (5.2.3) lib/rails/rack/logger.rb:26:in `call'
sprockets-rails (3.2.1) lib/sprockets/rails/quiet_assets.rb:13:in `call'
actionpack (5.2.3) lib/action_dispatch/middleware/remote_ip.rb:81:in `call'
actionpack (5.2.3) lib/action_dispatch/middleware/request_id.rb:27:in `call'
rack (2.0.7) lib/rack/method_override.rb:22:in `call'
rack (2.0.7) lib/rack/runtime.rb:22:in `call'
activesupport (5.2.3) lib/active_support/cache/strategy/local_cache_middleware.rb:29:in `call'
actionpack (5.2.3) lib/action_dispatch/middleware/executor.rb:14:in `call'
actionpack (5.2.3) lib/action_dispatch/middleware/static.rb:127:in `call'
rack (2.0.7) lib/rack/sendfile.rb:111:in `call'
railties (5.2.3) lib/rails/engine.rb:524:in `call'
puma (3.12.1) lib/puma/configuration.rb:227:in `call'
puma (3.12.1) lib/puma/server.rb:660:in `handle_request'
puma (3.12.1) lib/puma/server.rb:474:in `process_client'
puma (3.12.1) lib/puma/server.rb:334:in `block in run'
puma (3.12.1) lib/puma/thread_pool.rb:135:in `block in spawn_thread'
Started GET "/api/todos" for ::1 at 2019-05-21 14:07:46 -0400

AbstractController::ActionNotFound - The action 'index' could not be found for Api::TodosController:

Started GET "/api/todos" for ::1 at 2019-05-21 14:08:44 -0400
Processing by Api::TodosController#index as JSON
  [1m[36mTodo Load (1.2ms)[0m  [1m[34mSELECT "todos".* FROM "todos"[0m
  ↳ app/controllers/api/todos_controller.rb:4
Completed 200 OK in 71ms (Views: 55.5ms | ActiveRecord: 11.3ms)


Started GET "/" for ::1 at 2019-05-21 14:19:51 -0400
  [1m[35m (10.8ms)[0m  [1m[34mSELECT "schema_migrations"."version" FROM "schema_migrations" ORDER BY "schema_migrations"."version" ASC[0m
  ↳ /Users/aa/.rbenv/versions/2.5.1/lib/ruby/gems/2.5.0/gems/activerecord-5.2.3/lib/active_record/log_subscriber.rb:98
Processing by StaticPagesController#root as HTML
  Rendering static_pages/root.html.erb within layouts/application
  Rendered static_pages/root.html.erb within layouts/application (8.5ms)
Completed 200 OK in 2623ms (Views: 2605.3ms | ActiveRecord: 0.0ms)


Started GET "/" for ::1 at 2019-05-21 14:20:43 -0400
Processing by StaticPagesController#root as HTML
  Rendering static_pages/root.html.erb within layouts/application
  Rendered static_pages/root.html.erb within layouts/application (0.5ms)
Completed 200 OK in 64ms (Views: 61.8ms | ActiveRecord: 0.0ms)


Started GET "/" for ::1 at 2019-05-21 14:24:52 -0400
Processing by StaticPagesController#root as HTML
  Rendering static_pages/root.html.erb within layouts/application
  Rendered static_pages/root.html.erb within layouts/application (0.5ms)
Completed 200 OK in 887ms (Views: 855.2ms | ActiveRecord: 0.0ms)


Started GET "/api/todos" for ::1 at 2019-05-21 14:25:04 -0400
Processing by Api::TodosController#index as JSON
  [1m[36mTodo Load (2.0ms)[0m  [1m[34mSELECT "todos".* FROM "todos"[0m
  ↳ app/controllers/api/todos_controller.rb:4
Completed 200 OK in 73ms (Views: 36.1ms | ActiveRecord: 16.9ms)


Started GET "/api/todos" for ::1 at 2019-05-21 14:25:34 -0400
Processing by Api::TodosController#index as JSON
  [1m[36mTodo Load (1.5ms)[0m  [1m[34mSELECT "todos".* FROM "todos"[0m
  ↳ app/controllers/api/todos_controller.rb:4
Completed 200 OK in 4ms (Views: 1.8ms | ActiveRecord: 1.5ms)


Started GET "/" for ::1 at 2019-05-21 14:31:27 -0400
Processing by StaticPagesController#root as HTML
  Rendering static_pages/root.html.erb within layouts/application
  Rendered static_pages/root.html.erb within layouts/application (0.6ms)
Completed 200 OK in 954ms (Views: 922.7ms | ActiveRecord: 0.0ms)


Started GET "/" for ::1 at 2019-05-21 14:37:29 -0400
Processing by StaticPagesController#root as HTML
  Rendering static_pages/root.html.erb within layouts/application
  Rendered static_pages/root.html.erb within layouts/application (1.3ms)
Completed 200 OK in 806ms (Views: 777.0ms | ActiveRecord: 0.0ms)


Started GET "/api/todos" for ::1 at 2019-05-21 14:37:33 -0400
Processing by Api::TodosController#index as JSON
  [1m[36mTodo Load (1.2ms)[0m  [1m[34mSELECT "todos".* FROM "todos"[0m
  ↳ app/controllers/api/todos_controller.rb:4
Completed 200 OK in 6ms (Views: 4.1ms | ActiveRecord: 1.2ms)


Started GET "/" for ::1 at 2019-05-21 14:39:34 -0400
Processing by StaticPagesController#root as HTML
  Rendering static_pages/root.html.erb within layouts/application
  Rendered static_pages/root.html.erb within layouts/application (0.5ms)
Completed 200 OK in 912ms (Views: 892.7ms | ActiveRecord: 0.0ms)


Started GET "/api/todos" for ::1 at 2019-05-21 14:39:37 -0400
Processing by Api::TodosController#index as JSON
  [1m[36mTodo Load (0.7ms)[0m  [1m[34mSELECT "todos".* FROM "todos"[0m
  ↳ app/controllers/api/todos_controller.rb:4
Completed 200 OK in 3ms (Views: 1.8ms | ActiveRecord: 0.7ms)


Started GET "/" for ::1 at 2019-05-21 14:39:51 -0400
Processing by StaticPagesController#root as HTML
  Rendering static_pages/root.html.erb within layouts/application
  Rendered static_pages/root.html.erb within layouts/application (1.2ms)
Completed 200 OK in 966ms (Views: 943.8ms | ActiveRecord: 0.0ms)


Started GET "/api/todos" for ::1 at 2019-05-21 14:39:53 -0400
Processing by Api::TodosController#index as JSON
  [1m[36mTodo Load (0.5ms)[0m  [1m[34mSELECT "todos".* FROM "todos"[0m
  ↳ app/controllers/api/todos_controller.rb:4
Completed 200 OK in 3ms (Views: 1.7ms | ActiveRecord: 0.5ms)


Started GET "/" for ::1 at 2019-05-21 14:40:18 -0400
Processing by StaticPagesController#root as HTML
  Rendering static_pages/root.html.erb within layouts/application
  Rendered static_pages/root.html.erb within layouts/application (0.6ms)
Completed 200 OK in 35ms (Views: 32.0ms | ActiveRecord: 0.0ms)


Started GET "/api/todos" for ::1 at 2019-05-21 14:40:20 -0400
Processing by Api::TodosController#index as JSON
  [1m[36mTodo Load (0.5ms)[0m  [1m[34mSELECT "todos".* FROM "todos"[0m
  ↳ app/controllers/api/todos_controller.rb:4
Completed 200 OK in 2ms (Views: 1.3ms | ActiveRecord: 0.5ms)


Started GET "/" for ::1 at 2019-05-21 14:41:21 -0400
Processing by StaticPagesController#root as HTML
  Rendering static_pages/root.html.erb within layouts/application
  Rendered static_pages/root.html.erb within layouts/application (1.9ms)
Completed 200 OK in 829ms (Views: 809.1ms | ActiveRecord: 0.0ms)


Started GET "/api/todos" for ::1 at 2019-05-21 14:41:23 -0400
Processing by Api::TodosController#index as JSON
  [1m[36mTodo Load (0.5ms)[0m  [1m[34mSELECT "todos".* FROM "todos"[0m
  ↳ app/controllers/api/todos_controller.rb:4
Completed 200 OK in 2ms (Views: 1.3ms | ActiveRecord: 0.5ms)


Started GET "/" for ::1 at 2019-05-21 14:42:49 -0400
Processing by StaticPagesController#root as HTML
  Rendering static_pages/root.html.erb within layouts/application
  Rendered static_pages/root.html.erb within layouts/application (0.7ms)
Completed 200 OK in 878ms (Views: 846.1ms | ActiveRecord: 0.0ms)


Started GET "/api/todos" for ::1 at 2019-05-21 14:42:53 -0400
Processing by Api::TodosController#index as JSON
  [1m[36mTodo Load (0.8ms)[0m  [1m[34mSELECT "todos".* FROM "todos"[0m
  ↳ app/controllers/api/todos_controller.rb:4
Completed 200 OK in 3ms (Views: 1.5ms | ActiveRecord: 0.8ms)


Started GET "/" for ::1 at 2019-05-21 14:43:34 -0400
Processing by StaticPagesController#root as HTML
  Rendering static_pages/root.html.erb within layouts/application
  Rendered static_pages/root.html.erb within layouts/application (0.5ms)
Completed 200 OK in 817ms (Views: 794.7ms | ActiveRecord: 0.0ms)


Started GET "/api/todos" for ::1 at 2019-05-21 14:44:55 -0400
Processing by Api::TodosController#index as JSON
  [1m[36mTodo Load (1.2ms)[0m  [1m[34mSELECT "todos".* FROM "todos"[0m
  ↳ app/controllers/api/todos_controller.rb:4
Completed 200 OK in 3ms (Views: 1.9ms | ActiveRecord: 1.2ms)


Started GET "/" for ::1 at 2019-05-21 14:46:26 -0400
Processing by StaticPagesController#root as HTML
  Rendering static_pages/root.html.erb within layouts/application
  Rendered static_pages/root.html.erb within layouts/application (1.2ms)
Completed 200 OK in 918ms (Views: 901.1ms | ActiveRecord: 0.0ms)


Started GET "/api/todos" for ::1 at 2019-05-21 14:46:41 -0400
Processing by Api::TodosController#index as JSON
  [1m[36mTodo Load (1.1ms)[0m  [1m[34mSELECT "todos".* FROM "todos"[0m
  ↳ app/controllers/api/todos_controller.rb:4
Completed 200 OK in 8ms (Views: 5.3ms | ActiveRecord: 1.1ms)


Started GET "/api/todos" for ::1 at 2019-05-21 14:48:17 -0400
Processing by Api::TodosController#index as JSON
  [1m[36mTodo Load (1.3ms)[0m  [1m[34mSELECT "todos".* FROM "todos"[0m
  ↳ app/controllers/api/todos_controller.rb:4
Completed 200 OK in 4ms (Views: 2.2ms | ActiveRecord: 1.3ms)


Started GET "/" for ::1 at 2019-05-21 14:50:42 -0400
Processing by StaticPagesController#root as HTML
  Rendering static_pages/root.html.erb within layouts/application
  Rendered static_pages/root.html.erb within layouts/application (0.8ms)
Completed 200 OK in 967ms (Views: 935.6ms | ActiveRecord: 0.0ms)


Started GET "/" for ::1 at 2019-05-21 14:51:06 -0400
Processing by StaticPagesController#root as HTML
  Rendering static_pages/root.html.erb within layouts/application
  Rendered static_pages/root.html.erb within layouts/application (0.6ms)
Completed 200 OK in 1233ms (Views: 1230.4ms | ActiveRecord: 0.0ms)


Started GET "/api/todos" for ::1 at 2019-05-21 14:51:17 -0400
Processing by Api::TodosController#index as JSON
  [1m[36mTodo Load (0.6ms)[0m  [1m[34mSELECT "todos".* FROM "todos"[0m
  ↳ app/controllers/api/todos_controller.rb:4
Completed 200 OK in 3ms (Views: 2.0ms | ActiveRecord: 0.6ms)


Started GET "/" for ::1 at 2019-05-21 14:51:42 -0400
Processing by StaticPagesController#root as HTML
  Rendering static_pages/root.html.erb within layouts/application
  Rendered static_pages/root.html.erb within layouts/application (0.6ms)
Completed 200 OK in 964ms (Views: 941.5ms | ActiveRecord: 0.0ms)


Started GET "/" for ::1 at 2019-05-21 14:51:52 -0400
Processing by StaticPagesController#root as HTML
  Rendering static_pages/root.html.erb within layouts/application
  Rendered static_pages/root.html.erb within layouts/application (0.6ms)
Completed 200 OK in 889ms (Views: 866.4ms | ActiveRecord: 0.0ms)


Started GET "/api/todos" for ::1 at 2019-05-21 14:52:02 -0400
Processing by Api::TodosController#index as JSON
  [1m[36mTodo Load (0.9ms)[0m  [1m[34mSELECT "todos".* FROM "todos"[0m
  ↳ app/controllers/api/todos_controller.rb:4
Completed 200 OK in 3ms (Views: 1.8ms | ActiveRecord: 0.9ms)


Started GET "/" for ::1 at 2019-05-21 14:52:11 -0400
Processing by StaticPagesController#root as HTML
  Rendering static_pages/root.html.erb within layouts/application
  Rendered static_pages/root.html.erb within layouts/application (0.5ms)
Completed 200 OK in 37ms (Views: 34.6ms | ActiveRecord: 0.0ms)


Started GET "/api/todos" for ::1 at 2019-05-21 14:52:15 -0400
Processing by Api::TodosController#index as JSON
  [1m[36mTodo Load (0.8ms)[0m  [1m[34mSELECT "todos".* FROM "todos"[0m
  ↳ app/controllers/api/todos_controller.rb:4
Completed 200 OK in 3ms (Views: 1.7ms | ActiveRecord: 0.8ms)


Started GET "/" for ::1 at 2019-05-21 14:55:57 -0400
Processing by StaticPagesController#root as HTML
  Rendering static_pages/root.html.erb within layouts/application
  Rendered static_pages/root.html.erb within layouts/application (7.6ms)
Completed 200 OK in 976ms (Views: 942.7ms | ActiveRecord: 0.0ms)


Started GET "/" for ::1 at 2019-05-21 14:57:29 -0400
Processing by StaticPagesController#root as HTML
  Rendering static_pages/root.html.erb within layouts/application
  Rendered static_pages/root.html.erb within layouts/application (0.6ms)
Completed 200 OK in 1039ms (Views: 1020.9ms | ActiveRecord: 0.0ms)


Started GET "/" for ::1 at 2019-05-21 14:57:37 -0400
Processing by StaticPagesController#root as HTML
  Rendering static_pages/root.html.erb within layouts/application
  Rendered static_pages/root.html.erb within layouts/application (1.1ms)
Completed 200 OK in 179ms (Views: 175.8ms | ActiveRecord: 0.0ms)


Started GET "/" for ::1 at 2019-05-21 14:58:28 -0400
Processing by StaticPagesController#root as HTML
  Rendering static_pages/root.html.erb within layouts/application
  Rendered static_pages/root.html.erb within layouts/application (0.6ms)
Completed 200 OK in 309ms (Views: 280.4ms | ActiveRecord: 0.0ms)


Started GET "/" for ::1 at 2019-05-21 14:59:45 -0400
Processing by StaticPagesController#root as HTML
  Rendering static_pages/root.html.erb within layouts/application
  Rendered static_pages/root.html.erb within layouts/application (0.6ms)
Completed 200 OK in 837ms (Views: 814.0ms | ActiveRecord: 0.0ms)


Started GET "/api/todos" for ::1 at 2019-05-21 14:59:59 -0400
Processing by Api::TodosController#index as JSON
  [1m[36mTodo Load (0.8ms)[0m  [1m[34mSELECT "todos".* FROM "todos"[0m
  ↳ app/controllers/api/todos_controller.rb:4
Completed 200 OK in 4ms (Views: 3.0ms | ActiveRecord: 0.8ms)


Started GET "/" for ::1 at 2019-05-21 15:00:14 -0400
Processing by StaticPagesController#root as HTML
  Rendering static_pages/root.html.erb within layouts/application
  Rendered static_pages/root.html.erb within layouts/application (1.4ms)
Completed 200 OK in 745ms (Views: 725.4ms | ActiveRecord: 0.0ms)


Started GET "/api/todos" for ::1 at 2019-05-21 15:00:15 -0400
Processing by Api::TodosController#index as JSON
  [1m[36mTodo Load (0.9ms)[0m  [1m[34mSELECT "todos".* FROM "todos"[0m
  ↳ app/controllers/api/todos_controller.rb:4
Completed 200 OK in 7ms (Views: 5.2ms | ActiveRecord: 0.9ms)


Started GET "/" for ::1 at 2019-05-21 15:00:40 -0400
Processing by StaticPagesController#root as HTML
  Rendering static_pages/root.html.erb within layouts/application
  Rendered static_pages/root.html.erb within layouts/application (0.6ms)
Completed 200 OK in 891ms (Views: 872.0ms | ActiveRecord: 0.0ms)


Started GET "/api/todos" for ::1 at 2019-05-21 15:00:41 -0400
Processing by Api::TodosController#index as JSON
  [1m[36mTodo Load (0.7ms)[0m  [1m[34mSELECT "todos".* FROM "todos"[0m
  ↳ app/controllers/api/todos_controller.rb:4
Completed 200 OK in 3ms (Views: 1.7ms | ActiveRecord: 0.7ms)


Started GET "/" for ::1 at 2019-05-21 15:06:40 -0400
Processing by StaticPagesController#root as HTML
  Rendering static_pages/root.html.erb within layouts/application
  Rendered static_pages/root.html.erb within layouts/application (2.1ms)
Completed 200 OK in 1012ms (Views: 966.0ms | ActiveRecord: 0.0ms)


Started GET "/api/todos" for ::1 at 2019-05-21 15:06:42 -0400
Processing by Api::TodosController#index as JSON
  [1m[36mTodo Load (1.7ms)[0m  [1m[34mSELECT "todos".* FROM "todos"[0m
  ↳ app/controllers/api/todos_controller.rb:4
Completed 200 OK in 4ms (Views: 2.2ms | ActiveRecord: 1.7ms)


Started GET "/" for ::1 at 2019-05-21 15:07:08 -0400
Processing by StaticPagesController#root as HTML
  Rendering static_pages/root.html.erb within layouts/application
  Rendered static_pages/root.html.erb within layouts/application (0.5ms)
Completed 200 OK in 774ms (Views: 751.5ms | ActiveRecord: 0.0ms)


Started GET "/api/todos" for ::1 at 2019-05-21 15:07:09 -0400
Processing by Api::TodosController#index as JSON
  [1m[36mTodo Load (0.7ms)[0m  [1m[34mSELECT "todos".* FROM "todos"[0m
  ↳ app/controllers/api/todos_controller.rb:4
Completed 200 OK in 3ms (Views: 1.8ms | ActiveRecord: 0.7ms)


Started POST "/api/todos" for ::1 at 2019-05-21 15:07:12 -0400
Processing by Api::TodosController#create as JSON
  Parameters: {"todo"=>{"title"=>"wtf", "body"=>"fdsa", "id"=>"9815", "done"=>"false"}}
Completed 500 Internal Server Error in 219ms (ActiveRecord: 0.0ms)



NameError - undefined local variable or method `todo_params' for #<Api::TodosController:0x00007fb6a5635368>
Did you mean?  to_param:
  app/controllers/api/todos_controller.rb:12:in `create'

Started GET "/" for ::1 at 2019-05-21 15:08:11 -0400
Processing by StaticPagesController#root as HTML
  Rendering static_pages/root.html.erb within layouts/application
  Rendered static_pages/root.html.erb within layouts/application (0.5ms)
Completed 200 OK in 242ms (Views: 225.2ms | ActiveRecord: 0.0ms)


Started GET "/api/todos" for ::1 at 2019-05-21 15:08:12 -0400
Processing by Api::TodosController#index as JSON
  [1m[36mTodo Load (2.1ms)[0m  [1m[34mSELECT "todos".* FROM "todos"[0m
  ↳ app/controllers/api/todos_controller.rb:4
Completed 200 OK in 75ms (Views: 17.5ms | ActiveRecord: 24.9ms)


Started POST "/api/todos" for ::1 at 2019-05-21 15:08:17 -0400
Processing by Api::TodosController#create as JSON
  Parameters: {"todo"=>{"title"=>"yay", "body"=>"rew", "id"=>"7562", "done"=>"false"}}
Unpermitted parameter: :id
  [1m[35m (0.4ms)[0m  [1m[35mBEGIN[0m
  ↳ app/controllers/api/todos_controller.rb:14
  [1m[36mTodo Create (72.0ms)[0m  [1m[32mINSERT INTO "todos" ("title", "body", "done", "created_at", "updated_at") VALUES ($1, $2, $3, $4, $5) RETURNING "id"[0m  [["title", "yay"], ["body", "rew"], ["done", false], ["created_at", "2019-05-21 19:08:17.031665"], ["updated_at", "2019-05-21 19:08:17.031665"]]
  ↳ app/controllers/api/todos_controller.rb:14
  [1m[35m (46.0ms)[0m  [1m[35mCOMMIT[0m
  ↳ app/controllers/api/todos_controller.rb:14
Completed 200 OK in 125ms (Views: 0.7ms | ActiveRecord: 118.5ms)


Started GET "/" for ::1 at 2019-05-21 15:09:24 -0400
Processing by StaticPagesController#root as HTML
  Rendering static_pages/root.html.erb within layouts/application
  Rendered static_pages/root.html.erb within layouts/application (0.5ms)
Completed 200 OK in 233ms (Views: 214.0ms | ActiveRecord: 0.0ms)


Started GET "/api/todos" for ::1 at 2019-05-21 15:09:24 -0400
Processing by Api::TodosController#index as JSON
  [1m[36mTodo Load (0.8ms)[0m  [1m[34mSELECT "todos".* FROM "todos"[0m
  ↳ app/controllers/api/todos_controller.rb:4
Completed 200 OK in 3ms (Views: 2.2ms | ActiveRecord: 0.8ms)


Started GET "/" for ::1 at 2019-05-21 15:09:27 -0400
Processing by StaticPagesController#root as HTML
  Rendering static_pages/root.html.erb within layouts/application
  Rendered static_pages/root.html.erb within layouts/application (0.4ms)
Completed 200 OK in 36ms (Views: 33.4ms | ActiveRecord: 0.0ms)


Started GET "/api/todos" for ::1 at 2019-05-21 15:09:28 -0400
Processing by Api::TodosController#index as JSON
  [1m[36mTodo Load (0.9ms)[0m  [1m[34mSELECT "todos".* FROM "todos"[0m
  ↳ app/controllers/api/todos_controller.rb:4
Completed 200 OK in 4ms (Views: 2.4ms | ActiveRecord: 0.9ms)


Started GET "/" for ::1 at 2019-05-21 15:34:20 -0400
Processing by StaticPagesController#root as HTML
  Rendering static_pages/root.html.erb within layouts/application
  Rendered static_pages/root.html.erb within layouts/application (3.8ms)
Completed 200 OK in 865ms (Views: 832.6ms | ActiveRecord: 0.0ms)


Started GET "/api/todos" for ::1 at 2019-05-21 15:34:22 -0400
Processing by Api::TodosController#index as JSON
  [1m[36mTodo Load (2.6ms)[0m  [1m[34mSELECT "todos".* FROM "todos"[0m
  ↳ app/controllers/api/todos_controller.rb:4
Completed 200 OK in 9ms (Views: 6.1ms | ActiveRecord: 2.6ms)


Started POST "/api/todos" for ::1 at 2019-05-21 15:34:24 -0400
Processing by Api::TodosController#create as JSON
  Parameters: {"todo"=>{"title"=>"testst", "body"=>"", "id"=>"2337", "done"=>"false"}}
Unpermitted parameter: :id
  [1m[35m (0.3ms)[0m  [1m[35mBEGIN[0m
  ↳ app/controllers/api/todos_controller.rb:14
  [1m[35m (16.0ms)[0m  [1m[31mROLLBACK[0m
  ↳ app/controllers/api/todos_controller.rb:14
Completed 422 Unprocessable Entity in 170ms (Views: 0.3ms | ActiveRecord: 16.3ms)


Started GET "/" for ::1 at 2019-05-21 15:36:59 -0400
Processing by StaticPagesController#root as HTML
  Rendering static_pages/root.html.erb within layouts/application
  Rendered static_pages/root.html.erb within layouts/application (0.6ms)
Completed 200 OK in 993ms (Views: 974.5ms | ActiveRecord: 0.0ms)


Started GET "/api/todos" for ::1 at 2019-05-21 15:37:01 -0400
Processing by Api::TodosController#index as JSON
  [1m[36mTodo Load (1.2ms)[0m  [1m[34mSELECT "todos".* FROM "todos"[0m
  ↳ app/controllers/api/todos_controller.rb:4
Completed 200 OK in 5ms (Views: 3.3ms | ActiveRecord: 1.2ms)


Started POST "/api/todos" for ::1 at 2019-05-21 15:37:03 -0400
Processing by Api::TodosController#create as JSON
  Parameters: {"todo"=>{"title"=>"test", "body"=>"", "id"=>"4233", "done"=>"false"}}
Unpermitted parameter: :id
  [1m[35m (0.4ms)[0m  [1m[35mBEGIN[0m
  ↳ app/controllers/api/todos_controller.rb:14
  [1m[35m (0.3ms)[0m  [1m[31mROLLBACK[0m
  ↳ app/controllers/api/todos_controller.rb:14
Completed 422 Unprocessable Entity in 7ms (Views: 0.3ms | ActiveRecord: 0.7ms)


Started POST "/api/todos" for ::1 at 2019-05-21 15:38:25 -0400
Processing by Api::TodosController#create as JSON
  Parameters: {"todo"=>{"title"=>"test", "body"=>"test", "id"=>"7524", "done"=>"false"}}
Unpermitted parameter: :id
  [1m[35m (0.2ms)[0m  [1m[35mBEGIN[0m
  ↳ app/controllers/api/todos_controller.rb:14
  [1m[36mTodo Create (1.4ms)[0m  [1m[32mINSERT INTO "todos" ("title", "body", "done", "created_at", "updated_at") VALUES ($1, $2, $3, $4, $5) RETURNING "id"[0m  [["title", "test"], ["body", "test"], ["done", false], ["created_at", "2019-05-21 19:38:25.236412"], ["updated_at", "2019-05-21 19:38:25.236412"]]
  ↳ app/controllers/api/todos_controller.rb:14
  [1m[35m (35.3ms)[0m  [1m[35mCOMMIT[0m
  ↳ app/controllers/api/todos_controller.rb:14
Completed 200 OK in 43ms (Views: 0.6ms | ActiveRecord: 36.9ms)


Started POST "/api/todos" for ::1 at 2019-05-21 15:38:27 -0400
Processing by Api::TodosController#create as JSON
  Parameters: {"todo"=>{"title"=>"asdasda", "body"=>"", "id"=>"8813", "done"=>"false"}}
Unpermitted parameter: :id
  [1m[35m (2.4ms)[0m  [1m[35mBEGIN[0m
  ↳ app/controllers/api/todos_controller.rb:14
  [1m[35m (0.3ms)[0m  [1m[31mROLLBACK[0m
  ↳ app/controllers/api/todos_controller.rb:14
Completed 422 Unprocessable Entity in 8ms (Views: 0.2ms | ActiveRecord: 2.7ms)


Started GET "/" for ::1 at 2019-05-21 15:42:26 -0400
Processing by StaticPagesController#root as HTML
  Rendering static_pages/root.html.erb within layouts/application
  Rendered static_pages/root.html.erb within layouts/application (1.2ms)
Completed 200 OK in 844ms (Views: 813.3ms | ActiveRecord: 0.0ms)


Started GET "/api/todos" for ::1 at 2019-05-21 15:42:29 -0400
Processing by Api::TodosController#index as JSON
  [1m[36mTodo Load (4.4ms)[0m  [1m[34mSELECT "todos".* FROM "todos"[0m
  ↳ app/controllers/api/todos_controller.rb:4
Completed 200 OK in 8ms (Views: 3.7ms | ActiveRecord: 4.4ms)


Started POST "/api/todos" for ::1 at 2019-05-21 15:42:32 -0400
Processing by Api::TodosController#create as JSON
  Parameters: {"todo"=>{"title"=>"test", "body"=>"", "id"=>"276", "done"=>"false"}}
Unpermitted parameter: :id
  [1m[35m (0.3ms)[0m  [1m[35mBEGIN[0m
  ↳ app/controllers/api/todos_controller.rb:14
  [1m[35m (0.2ms)[0m  [1m[31mROLLBACK[0m
  ↳ app/controllers/api/todos_controller.rb:14
Completed 422 Unprocessable Entity in 8ms (Views: 0.2ms | ActiveRecord: 0.5ms)


Started GET "/" for ::1 at 2019-05-21 15:42:48 -0400
Processing by StaticPagesController#root as HTML
  Rendering static_pages/root.html.erb within layouts/application
  Rendered static_pages/root.html.erb within layouts/application (1.2ms)
Completed 200 OK in 187ms (Views: 166.4ms | ActiveRecord: 0.0ms)


Started GET "/api/todos" for ::1 at 2019-05-21 15:42:50 -0400
Processing by Api::TodosController#index as JSON
  [1m[36mTodo Load (10.0ms)[0m  [1m[34mSELECT "todos".* FROM "todos"[0m
  ↳ app/controllers/api/todos_controller.rb:4
Completed 200 OK in 19ms (Views: 8.2ms | ActiveRecord: 10.0ms)


Started POST "/api/todos" for ::1 at 2019-05-21 15:42:53 -0400
Processing by Api::TodosController#create as JSON
  Parameters: {"todo"=>{"title"=>"test", "body"=>"", "id"=>"2654", "done"=>"false"}}
Unpermitted parameter: :id
  [1m[35m (0.4ms)[0m  [1m[35mBEGIN[0m
  ↳ app/controllers/api/todos_controller.rb:14
  [1m[35m (0.2ms)[0m  [1m[31mROLLBACK[0m
  ↳ app/controllers/api/todos_controller.rb:14
Completed 422 Unprocessable Entity in 7ms (Views: 0.2ms | ActiveRecord: 0.7ms)


Started GET "/" for ::1 at 2019-05-21 15:43:04 -0400
Processing by StaticPagesController#root as HTML
  Rendering static_pages/root.html.erb within layouts/application
  Rendered static_pages/root.html.erb within layouts/application (0.7ms)
Completed 200 OK in 852ms (Views: 829.9ms | ActiveRecord: 0.0ms)


Started GET "/api/todos" for ::1 at 2019-05-21 15:43:06 -0400
Processing by Api::TodosController#index as JSON
  [1m[36mTodo Load (1.6ms)[0m  [1m[34mSELECT "todos".* FROM "todos"[0m
  ↳ app/controllers/api/todos_controller.rb:4
Completed 200 OK in 5ms (Views: 3.2ms | ActiveRecord: 1.6ms)


Started POST "/api/todos" for ::1 at 2019-05-21 15:44:26 -0400
Processing by Api::TodosController#create as JSON
  Parameters: {"todo"=>{"title"=>"test", "body"=>"", "id"=>"2723", "done"=>"false"}}
Unpermitted parameter: :id
  [1m[35m (0.5ms)[0m  [1m[35mBEGIN[0m
  ↳ app/controllers/api/todos_controller.rb:14
  [1m[35m (0.3ms)[0m  [1m[31mROLLBACK[0m
  ↳ app/controllers/api/todos_controller.rb:14
Completed 422 Unprocessable Entity in 7ms (Views: 0.4ms | ActiveRecord: 0.8ms)


Started GET "/" for ::1 at 2019-05-21 15:53:12 -0400
Processing by StaticPagesController#root as HTML
  Rendering static_pages/root.html.erb within layouts/application
  Rendered static_pages/root.html.erb within layouts/application (2.1ms)
Completed 200 OK in 278ms (Views: 247.4ms | ActiveRecord: 0.0ms)


Started GET "/api/todos" for ::1 at 2019-05-21 15:53:17 -0400
Processing by Api::TodosController#index as JSON
  [1m[36mTodo Load (10.0ms)[0m  [1m[34mSELECT "todos".* FROM "todos"[0m
  ↳ app/controllers/api/todos_controller.rb:4
Completed 200 OK in 19ms (Views: 7.9ms | ActiveRecord: 10.0ms)


Started POST "/api/todos" for ::1 at 2019-05-21 15:53:31 -0400
Processing by Api::TodosController#create as JSON
  Parameters: {"todo"=>{"title"=>"", "body"=>"456", "id"=>"6830", "done"=>"false"}}
Unpermitted parameter: :id
  [1m[35m (1.2ms)[0m  [1m[35mBEGIN[0m
  ↳ app/controllers/api/todos_controller.rb:14
  [1m[35m (1.6ms)[0m  [1m[31mROLLBACK[0m
  ↳ app/controllers/api/todos_controller.rb:14
Completed 422 Unprocessable Entity in 12ms (Views: 0.3ms | ActiveRecord: 2.8ms)


Started GET "/" for ::1 at 2019-05-21 15:56:04 -0400
Processing by StaticPagesController#root as HTML
  Rendering static_pages/root.html.erb within layouts/application
  Rendered static_pages/root.html.erb within layouts/application (1.0ms)
Completed 200 OK in 263ms (Views: 250.0ms | ActiveRecord: 0.0ms)


Started GET "/api/todos" for ::1 at 2019-05-21 15:56:10 -0400
Processing by Api::TodosController#index as JSON
  [1m[36mTodo Load (6.3ms)[0m  [1m[34mSELECT "todos".* FROM "todos"[0m
  ↳ app/controllers/api/todos_controller.rb:4
Completed 200 OK in 15ms (Views: 7.4ms | ActiveRecord: 6.3ms)


Started POST "/api/todos" for ::1 at 2019-05-21 15:56:17 -0400
Processing by Api::TodosController#create as JSON
  Parameters: {"todo"=>{"title"=>"", "body"=>"fdas", "id"=>"8931", "done"=>"false"}}
Unpermitted parameter: :id
  [1m[35m (1.8ms)[0m  [1m[35mBEGIN[0m
  ↳ app/controllers/api/todos_controller.rb:14
  [1m[35m (1.1ms)[0m  [1m[31mROLLBACK[0m
  ↳ app/controllers/api/todos_controller.rb:14
Completed 422 Unprocessable Entity in 14ms (Views: 0.3ms | ActiveRecord: 3.0ms)


Started GET "/" for ::1 at 2019-05-21 15:58:03 -0400
Processing by StaticPagesController#root as HTML
  Rendering static_pages/root.html.erb within layouts/application
  Rendered static_pages/root.html.erb within layouts/application (4.5ms)
Completed 200 OK in 863ms (Views: 843.4ms | ActiveRecord: 0.0ms)


Started GET "/api/todos" for ::1 at 2019-05-21 15:58:06 -0400
Processing by Api::TodosController#index as JSON
  [1m[36mTodo Load (6.3ms)[0m  [1m[34mSELECT "todos".* FROM "todos"[0m
  ↳ app/controllers/api/todos_controller.rb:4
Completed 200 OK in 18ms (Views: 11.1ms | ActiveRecord: 6.3ms)


Started POST "/api/todos" for ::1 at 2019-05-21 15:58:13 -0400
Processing by Api::TodosController#create as JSON
  Parameters: {"todo"=>{"title"=>"test", "body"=>"", "id"=>"5864", "done"=>"false"}}
Unpermitted parameter: :id
  [1m[35m (1.3ms)[0m  [1m[35mBEGIN[0m
  ↳ app/controllers/api/todos_controller.rb:14
  [1m[35m (1.2ms)[0m  [1m[31mROLLBACK[0m
  ↳ app/controllers/api/todos_controller.rb:14
Completed 422 Unprocessable Entity in 9ms (Views: 0.3ms | ActiveRecord: 2.4ms)


Started GET "/" for ::1 at 2019-05-21 15:58:33 -0400
Processing by StaticPagesController#root as HTML
  Rendering static_pages/root.html.erb within layouts/application
  Rendered static_pages/root.html.erb within layouts/application (0.6ms)
Completed 200 OK in 269ms (Views: 247.4ms | ActiveRecord: 0.0ms)


Started GET "/" for ::1 at 2019-05-21 15:58:35 -0400
Processing by StaticPagesController#root as HTML
  Rendering static_pages/root.html.erb within layouts/application
  Rendered static_pages/root.html.erb within layouts/application (0.4ms)
Completed 200 OK in 717ms (Views: 714.1ms | ActiveRecord: 0.0ms)


Started GET "/api/todos" for ::1 at 2019-05-21 15:58:36 -0400
Processing by Api::TodosController#index as JSON
  [1m[36mTodo Load (6.0ms)[0m  [1m[34mSELECT "todos".* FROM "todos"[0m
  ↳ app/controllers/api/todos_controller.rb:4
Completed 200 OK in 12ms (Views: 5.5ms | ActiveRecord: 6.0ms)


Started GET "/" for ::1 at 2019-05-21 15:58:38 -0400
Processing by StaticPagesController#root as HTML
  Rendering static_pages/root.html.erb within layouts/application
  Rendered static_pages/root.html.erb within layouts/application (0.4ms)
Completed 200 OK in 36ms (Views: 33.7ms | ActiveRecord: 0.0ms)


Started GET "/" for ::1 at 2019-05-21 15:58:54 -0400
Processing by StaticPagesController#root as HTML
  Rendering static_pages/root.html.erb within layouts/application
  Rendered static_pages/root.html.erb within layouts/application (2.2ms)
Completed 200 OK in 997ms (Views: 944.4ms | ActiveRecord: 0.0ms)


Started GET "/api/todos" for ::1 at 2019-05-21 15:59:02 -0400
Processing by Api::TodosController#index as JSON
  [1m[36mTodo Load (11.1ms)[0m  [1m[34mSELECT "todos".* FROM "todos"[0m
  ↳ app/controllers/api/todos_controller.rb:4
Completed 200 OK in 19ms (Views: 6.9ms | ActiveRecord: 11.1ms)


Started POST "/api/todos" for ::1 at 2019-05-21 15:59:09 -0400
Processing by Api::TodosController#create as JSON
  Parameters: {"todo"=>{"title"=>"test", "body"=>"", "id"=>"256", "done"=>"false"}}
Unpermitted parameter: :id
  [1m[35m (3.5ms)[0m  [1m[35mBEGIN[0m
  ↳ app/controllers/api/todos_controller.rb:14
  [1m[35m (3.0ms)[0m  [1m[31mROLLBACK[0m
  ↳ app/controllers/api/todos_controller.rb:14
Completed 422 Unprocessable Entity in 15ms (Views: 0.3ms | ActiveRecord: 6.5ms)


Started POST "/api/todos" for ::1 at 2019-05-21 16:00:37 -0400
Processing by Api::TodosController#create as JSON
  Parameters: {"todo"=>{"title"=>"tesadasd", "body"=>"", "id"=>"4547", "done"=>"false"}}
Unpermitted parameter: :id
  [1m[35m (0.5ms)[0m  [1m[35mBEGIN[0m
  ↳ app/controllers/api/todos_controller.rb:14
  [1m[35m (1.2ms)[0m  [1m[31mROLLBACK[0m
  ↳ app/controllers/api/todos_controller.rb:14
Completed 422 Unprocessable Entity in 8ms (Views: 0.3ms | ActiveRecord: 1.6ms)


Started GET "/" for ::1 at 2019-05-21 16:13:58 -0400
Processing by StaticPagesController#root as HTML
  Rendering static_pages/root.html.erb within layouts/application
  Rendered static_pages/root.html.erb within layouts/application (1.1ms)
Completed 200 OK in 1306ms (Views: 1264.6ms | ActiveRecord: 0.0ms)


Started GET "/api/todos" for ::1 at 2019-05-21 16:14:12 -0400
Processing by Api::TodosController#index as JSON
  [1m[36mTodo Load (2.5ms)[0m  [1m[34mSELECT "todos".* FROM "todos"[0m
  ↳ app/controllers/api/todos_controller.rb:4
Completed 200 OK in 85ms (Views: 21.7ms | ActiveRecord: 22.2ms)


Started POST "/api/todos" for ::1 at 2019-05-21 16:14:20 -0400
Processing by Api::TodosController#create as JSON
  Parameters: {"todo"=>{"title"=>"test", "body"=>"", "id"=>"7133", "done"=>"false"}}
Unpermitted parameter: :id
  [1m[35m (0.4ms)[0m  [1m[35mBEGIN[0m
  ↳ app/controllers/api/todos_controller.rb:14
  [1m[35m (0.2ms)[0m  [1m[31mROLLBACK[0m
  ↳ app/controllers/api/todos_controller.rb:14
Completed 422 Unprocessable Entity in 8ms (Views: 0.2ms | ActiveRecord: 0.7ms)


Started GET "/" for ::1 at 2019-05-21 16:15:42 -0400
Processing by StaticPagesController#root as HTML
  Rendering static_pages/root.html.erb within layouts/application
  Rendered static_pages/root.html.erb within layouts/application (10.0ms)
Completed 200 OK in 481ms (Views: 445.5ms | ActiveRecord: 0.0ms)


Started GET "/api/todos" for ::1 at 2019-05-21 16:15:48 -0400
Processing by Api::TodosController#index as JSON
  [1m[36mTodo Load (5.3ms)[0m  [1m[34mSELECT "todos".* FROM "todos"[0m
  ↳ app/controllers/api/todos_controller.rb:4
Completed 200 OK in 13ms (Views: 7.2ms | ActiveRecord: 5.3ms)


Started POST "/api/todos" for ::1 at 2019-05-21 16:15:55 -0400
Processing by Api::TodosController#create as JSON
  Parameters: {"todo"=>{"title"=>"test", "body"=>"", "id"=>"4127", "done"=>"false"}}
Unpermitted parameter: :id
  [1m[35m (0.9ms)[0m  [1m[35mBEGIN[0m
  ↳ app/controllers/api/todos_controller.rb:14
  [1m[35m (0.3ms)[0m  [1m[31mROLLBACK[0m
  ↳ app/controllers/api/todos_controller.rb:14
Completed 422 Unprocessable Entity in 11ms (Views: 0.2ms | ActiveRecord: 1.2ms)


Started POST "/api/todos" for ::1 at 2019-05-21 16:16:09 -0400
Processing by Api::TodosController#create as JSON
  Parameters: {"todo"=>{"title"=>"test", "body"=>"test", "id"=>"630", "done"=>"false"}}
Unpermitted parameter: :id
  [1m[35m (0.2ms)[0m  [1m[35mBEGIN[0m
  ↳ app/controllers/api/todos_controller.rb:14
  [1m[36mTodo Create (1.3ms)[0m  [1m[32mINSERT INTO "todos" ("title", "body", "done", "created_at", "updated_at") VALUES ($1, $2, $3, $4, $5) RETURNING "id"[0m  [["title", "test"], ["body", "test"], ["done", false], ["created_at", "2019-05-21 20:16:09.864739"], ["updated_at", "2019-05-21 20:16:09.864739"]]
  ↳ app/controllers/api/todos_controller.rb:14
  [1m[35m (44.3ms)[0m  [1m[35mCOMMIT[0m
  ↳ app/controllers/api/todos_controller.rb:14
Completed 200 OK in 54ms (Views: 1.2ms | ActiveRecord: 45.8ms)


Started GET "/" for ::1 at 2019-05-21 16:16:43 -0400
Processing by StaticPagesController#root as HTML
  Rendering static_pages/root.html.erb within layouts/application
  Rendered static_pages/root.html.erb within layouts/application (0.7ms)
Completed 200 OK in 840ms (Views: 821.8ms | ActiveRecord: 0.0ms)


Started GET "/api/todos" for ::1 at 2019-05-21 16:16:51 -0400
Processing by Api::TodosController#index as JSON
  [1m[36mTodo Load (1.8ms)[0m  [1m[34mSELECT "todos".* FROM "todos"[0m
  ↳ app/controllers/api/todos_controller.rb:4
Completed 200 OK in 12ms (Views: 9.1ms | ActiveRecord: 1.8ms)


Started POST "/api/todos" for ::1 at 2019-05-21 16:16:57 -0400
Processing by Api::TodosController#create as JSON
  Parameters: {"todo"=>{"title"=>"good one", "body"=>"good one", "id"=>"6631", "done"=>"false"}}
Unpermitted parameter: :id
  [1m[35m (0.5ms)[0m  [1m[35mBEGIN[0m
  ↳ app/controllers/api/todos_controller.rb:14
  [1m[36mTodo Create (31.4ms)[0m  [1m[32mINSERT INTO "todos" ("title", "body", "done", "created_at", "updated_at") VALUES ($1, $2, $3, $4, $5) RETURNING "id"[0m  [["title", "good one"], ["body", "good one"], ["done", false], ["created_at", "2019-05-21 20:16:57.069895"], ["updated_at", "2019-05-21 20:16:57.069895"]]
  ↳ app/controllers/api/todos_controller.rb:14
  [1m[35m (31.2ms)[0m  [1m[35mCOMMIT[0m
  ↳ app/controllers/api/todos_controller.rb:14
Completed 200 OK in 72ms (Views: 0.6ms | ActiveRecord: 63.0ms)


Started GET "/" for ::1 at 2019-05-21 16:18:49 -0400
Processing by StaticPagesController#root as HTML
  Rendering static_pages/root.html.erb within layouts/application
  Rendered static_pages/root.html.erb within layouts/application (0.4ms)
Completed 200 OK in 214ms (Views: 211.2ms | ActiveRecord: 0.0ms)


Started GET "/api/todos" for ::1 at 2019-05-21 16:18:53 -0400
Processing by Api::TodosController#index as JSON
  [1m[36mTodo Load (1.1ms)[0m  [1m[34mSELECT "todos".* FROM "todos"[0m
  ↳ app/controllers/api/todos_controller.rb:4
Completed 200 OK in 99ms (Views: 24.5ms | ActiveRecord: 13.5ms)


Started POST "/api/todos" for ::1 at 2019-05-21 16:18:57 -0400
Processing by Api::TodosController#create as JSON
  Parameters: {"todo"=>{"title"=>"bad", "body"=>"", "id"=>"8695", "done"=>"false"}}
Unpermitted parameter: :id
  [1m[35m (0.4ms)[0m  [1m[35mBEGIN[0m
  ↳ app/controllers/api/todos_controller.rb:14
  [1m[35m (0.5ms)[0m  [1m[31mROLLBACK[0m
  ↳ app/controllers/api/todos_controller.rb:14
Completed 400 Bad Request in 12ms (Views: 0.3ms | ActiveRecord: 1.0ms)


Started POST "/api/todos" for ::1 at 2019-05-21 16:20:06 -0400
Processing by Api::TodosController#create as JSON
  Parameters: {"todo"=>{"title"=>"bad", "body"=>"", "id"=>"3627", "done"=>"false"}}
Unpermitted parameter: :id
  [1m[35m (0.2ms)[0m  [1m[35mBEGIN[0m
  ↳ app/controllers/api/todos_controller.rb:14
  [1m[35m (0.3ms)[0m  [1m[31mROLLBACK[0m
  ↳ app/controllers/api/todos_controller.rb:14
Completed 400 Bad Request in 8ms (Views: 0.2ms | ActiveRecord: 0.5ms)


Started GET "/" for ::1 at 2019-05-21 16:21:11 -0400
Processing by StaticPagesController#root as HTML
  Rendering static_pages/root.html.erb within layouts/application
  Rendered static_pages/root.html.erb within layouts/application (1.2ms)
Completed 200 OK in 893ms (Views: 859.1ms | ActiveRecord: 0.0ms)


Started GET "/api/todos" for ::1 at 2019-05-21 16:21:16 -0400
Processing by Api::TodosController#index as JSON
  [1m[36mTodo Load (3.5ms)[0m  [1m[34mSELECT "todos".* FROM "todos"[0m
  ↳ app/controllers/api/todos_controller.rb:4
Completed 200 OK in 10ms (Views: 6.2ms | ActiveRecord: 3.5ms)


Started POST "/api/todos" for ::1 at 2019-05-21 16:21:19 -0400
Processing by Api::TodosController#create as JSON
  Parameters: {"todo"=>{"title"=>"bad", "body"=>"", "id"=>"6149", "done"=>"false"}}
Unpermitted parameter: :id
  [1m[35m (0.5ms)[0m  [1m[35mBEGIN[0m
  ↳ app/controllers/api/todos_controller.rb:14
  [1m[35m (0.2ms)[0m  [1m[31mROLLBACK[0m
  ↳ app/controllers/api/todos_controller.rb:14
Completed 400 Bad Request in 7ms (Views: 0.2ms | ActiveRecord: 0.7ms)


Started GET "/" for ::1 at 2019-05-21 16:21:34 -0400
Processing by StaticPagesController#root as HTML
  Rendering static_pages/root.html.erb within layouts/application
  Rendered static_pages/root.html.erb within layouts/application (0.4ms)
Completed 200 OK in 462ms (Views: 459.6ms | ActiveRecord: 0.0ms)


Started GET "/api/todos" for ::1 at 2019-05-21 16:21:38 -0400
Processing by Api::TodosController#index as JSON
  [1m[36mTodo Load (6.0ms)[0m  [1m[34mSELECT "todos".* FROM "todos"[0m
  ↳ app/controllers/api/todos_controller.rb:4
Completed 200 OK in 101ms (Views: 30.0ms | ActiveRecord: 32.9ms)


Started POST "/api/todos" for ::1 at 2019-05-21 16:21:41 -0400
Processing by Api::TodosController#create as JSON
  Parameters: {"todo"=>{"title"=>"bad", "body"=>"", "id"=>"488", "done"=>"false"}}
Unpermitted parameter: :id
  [1m[35m (0.4ms)[0m  [1m[35mBEGIN[0m
  ↳ app/controllers/api/todos_controller.rb:14
  [1m[35m (0.3ms)[0m  [1m[31mROLLBACK[0m
  ↳ app/controllers/api/todos_controller.rb:14
Completed 422 Unprocessable Entity in 7ms (Views: 0.2ms | ActiveRecord: 0.6ms)


Started GET "/" for ::1 at 2019-05-21 16:29:53 -0400
Processing by StaticPagesController#root as HTML
  Rendering static_pages/root.html.erb within layouts/application
  Rendered static_pages/root.html.erb within layouts/application (0.4ms)
Completed 200 OK in 831ms (Views: 816.8ms | ActiveRecord: 0.0ms)


Started GET "/api/todos" for ::1 at 2019-05-21 16:30:00 -0400
Processing by Api::TodosController#index as JSON
  [1m[36mTodo Load (2.2ms)[0m  [1m[34mSELECT "todos".* FROM "todos"[0m
  ↳ app/controllers/api/todos_controller.rb:4
Completed 200 OK in 165ms (Views: 39.9ms | ActiveRecord: 44.5ms)


Started GET "/" for ::1 at 2019-05-21 16:30:29 -0400
Processing by StaticPagesController#root as HTML
  Rendering static_pages/root.html.erb within layouts/application
  Rendered static_pages/root.html.erb within layouts/application (1.3ms)
Completed 200 OK in 940ms (Views: 919.2ms | ActiveRecord: 0.0ms)


Started GET "/api/todos" for ::1 at 2019-05-21 16:30:35 -0400
Processing by Api::TodosController#index as JSON
  [1m[36mTodo Load (5.7ms)[0m  [1m[34mSELECT "todos".* FROM "todos"[0m
  ↳ app/controllers/api/todos_controller.rb:4
Completed 200 OK in 10ms (Views: 4.2ms | ActiveRecord: 5.7ms)


Started DELETE "/api/todos/5" for ::1 at 2019-05-21 16:30:38 -0400
Processing by Api::TodosController#destroy as JSON
  Parameters: {"id"=>"5"}
  [1m[36mTodo Load (0.5ms)[0m  [1m[34mSELECT  "todos".* FROM "todos" WHERE "todos"."id" = $1 LIMIT $2[0m  [["id", 5], ["LIMIT", 1]]
  ↳ app/controllers/api/todos_controller.rb:22
  [1m[35m (0.2ms)[0m  [1m[35mBEGIN[0m
  ↳ app/controllers/api/todos_controller.rb:23
  [1m[36mTodo Destroy (17.0ms)[0m  [1m[31mDELETE FROM "todos" WHERE "todos"."id" = $1[0m  [["id", 5]]
  ↳ app/controllers/api/todos_controller.rb:23
  [1m[35m (20.1ms)[0m  [1m[35mCOMMIT[0m
  ↳ app/controllers/api/todos_controller.rb:23
Completed 200 OK in 131ms (Views: 0.7ms | ActiveRecord: 38.0ms)


Started GET "/" for ::1 at 2019-05-21 16:30:43 -0400
Processing by StaticPagesController#root as HTML
  Rendering static_pages/root.html.erb within layouts/application
  Rendered static_pages/root.html.erb within layouts/application (0.5ms)
Completed 200 OK in 155ms (Views: 147.4ms | ActiveRecord: 0.0ms)


Started GET "/api/todos" for ::1 at 2019-05-21 16:30:48 -0400
Processing by Api::TodosController#index as JSON
  [1m[36mTodo Load (1.6ms)[0m  [1m[34mSELECT "todos".* FROM "todos"[0m
  ↳ app/controllers/api/todos_controller.rb:4
Completed 200 OK in 5ms (Views: 3.1ms | ActiveRecord: 1.6ms)


Started GET "/" for ::1 at 2019-05-21 16:32:08 -0400
Processing by StaticPagesController#root as HTML
  Rendering static_pages/root.html.erb within layouts/application
  Rendered static_pages/root.html.erb within layouts/application (2.0ms)
Completed 200 OK in 1011ms (Views: 924.6ms | ActiveRecord: 0.0ms)


Started GET "/api/todos" for ::1 at 2019-05-21 16:32:10 -0400
Processing by Api::TodosController#index as JSON
  [1m[36mTodo Load (0.9ms)[0m  [1m[34mSELECT "todos".* FROM "todos"[0m
  ↳ app/controllers/api/todos_controller.rb:4
Completed 200 OK in 7ms (Views: 5.2ms | ActiveRecord: 0.9ms)


Started DELETE "/api/todos/4" for ::1 at 2019-05-21 16:32:11 -0400
Processing by Api::TodosController#destroy as JSON
  Parameters: {"id"=>"4"}
  [1m[36mTodo Load (1.0ms)[0m  [1m[34mSELECT  "todos".* FROM "todos" WHERE "todos"."id" = $1 LIMIT $2[0m  [["id", 4], ["LIMIT", 1]]
  ↳ app/controllers/api/todos_controller.rb:22
  [1m[35m (0.2ms)[0m  [1m[35mBEGIN[0m
  ↳ app/controllers/api/todos_controller.rb:23
  [1m[36mTodo Destroy (0.8ms)[0m  [1m[31mDELETE FROM "todos" WHERE "todos"."id" = $1[0m  [["id", 4]]
  ↳ app/controllers/api/todos_controller.rb:23
  [1m[35m (90.2ms)[0m  [1m[35mCOMMIT[0m
  ↳ app/controllers/api/todos_controller.rb:23
Completed 200 OK in 98ms (Views: 0.9ms | ActiveRecord: 92.2ms)


Started GET "/" for ::1 at 2019-05-21 16:32:14 -0400
Processing by StaticPagesController#root as HTML
  Rendering static_pages/root.html.erb within layouts/application
  Rendered static_pages/root.html.erb within layouts/application (0.4ms)
Completed 200 OK in 120ms (Views: 118.1ms | ActiveRecord: 0.0ms)


Started GET "/api/todos" for ::1 at 2019-05-21 16:32:14 -0400
Processing by Api::TodosController#index as JSON
  [1m[36mTodo Load (2.5ms)[0m  [1m[34mSELECT "todos".* FROM "todos"[0m
  ↳ app/controllers/api/todos_controller.rb:4
Completed 200 OK in 5ms (Views: 2.4ms | ActiveRecord: 2.5ms)


Started DELETE "/api/todos/3" for ::1 at 2019-05-21 16:32:17 -0400
Processing by Api::TodosController#destroy as JSON
  Parameters: {"id"=>"3"}
  [1m[36mTodo Load (0.6ms)[0m  [1m[34mSELECT  "todos".* FROM "todos" WHERE "todos"."id" = $1 LIMIT $2[0m  [["id", 3], ["LIMIT", 1]]
  ↳ app/controllers/api/todos_controller.rb:22
  [1m[35m (0.2ms)[0m  [1m[35mBEGIN[0m
  ↳ app/controllers/api/todos_controller.rb:23
  [1m[36mTodo Destroy (19.4ms)[0m  [1m[31mDELETE FROM "todos" WHERE "todos"."id" = $1[0m  [["id", 3]]
  ↳ app/controllers/api/todos_controller.rb:23
  [1m[35m (0.4ms)[0m  [1m[35mCOMMIT[0m
  ↳ app/controllers/api/todos_controller.rb:23
Completed 200 OK in 24ms (Views: 0.5ms | ActiveRecord: 20.6ms)


Started DELETE "/api/todos/2" for ::1 at 2019-05-21 16:32:18 -0400
Processing by Api::TodosController#destroy as JSON
  Parameters: {"id"=>"2"}
  [1m[36mTodo Load (0.7ms)[0m  [1m[34mSELECT  "todos".* FROM "todos" WHERE "todos"."id" = $1 LIMIT $2[0m  [["id", 2], ["LIMIT", 1]]
  ↳ app/controllers/api/todos_controller.rb:22
  [1m[35m (0.2ms)[0m  [1m[35mBEGIN[0m
  ↳ app/controllers/api/todos_controller.rb:23
  [1m[36mTodo Destroy (0.6ms)[0m  [1m[31mDELETE FROM "todos" WHERE "todos"."id" = $1[0m  [["id", 2]]
  ↳ app/controllers/api/todos_controller.rb:23
  [1m[35m (0.4ms)[0m  [1m[35mCOMMIT[0m
  ↳ app/controllers/api/todos_controller.rb:23
Completed 200 OK in 6ms (Views: 0.7ms | ActiveRecord: 1.9ms)


Started DELETE "/api/todos/1" for ::1 at 2019-05-21 16:32:19 -0400
Processing by Api::TodosController#destroy as JSON
  Parameters: {"id"=>"1"}
  [1m[36mTodo Load (0.7ms)[0m  [1m[34mSELECT  "todos".* FROM "todos" WHERE "todos"."id" = $1 LIMIT $2[0m  [["id", 1], ["LIMIT", 1]]
  ↳ app/controllers/api/todos_controller.rb:22
  [1m[35m (0.2ms)[0m  [1m[35mBEGIN[0m
  ↳ app/controllers/api/todos_controller.rb:23
  [1m[36mTodo Destroy (0.4ms)[0m  [1m[31mDELETE FROM "todos" WHERE "todos"."id" = $1[0m  [["id", 1]]
  ↳ app/controllers/api/todos_controller.rb:23
  [1m[35m (0.4ms)[0m  [1m[35mCOMMIT[0m
  ↳ app/controllers/api/todos_controller.rb:23
Completed 200 OK in 5ms (Views: 0.5ms | ActiveRecord: 1.8ms)


Started GET "/" for ::1 at 2019-05-21 16:40:52 -0400
Processing by StaticPagesController#root as HTML
  Rendering static_pages/root.html.erb within layouts/application
  Rendered static_pages/root.html.erb within layouts/application (0.7ms)
Completed 200 OK in 829ms (Views: 791.5ms | ActiveRecord: 0.0ms)


Started GET "/api/todos" for ::1 at 2019-05-21 16:40:53 -0400
Processing by Api::TodosController#index as JSON
  [1m[36mTodo Load (27.3ms)[0m  [1m[34mSELECT "todos".* FROM "todos"[0m
  ↳ app/controllers/api/todos_controller.rb:4
Completed 200 OK in 94ms (Views: 5.0ms | ActiveRecord: 36.1ms)


Started POST "/api/todos" for ::1 at 2019-05-21 16:40:58 -0400
Processing by Api::TodosController#create as JSON
  Parameters: {"todo"=>{"title"=>"hello", "body"=>"friend", "id"=>"5398", "done"=>"false"}}
Unpermitted parameter: :id
  [1m[35m (0.2ms)[0m  [1m[35mBEGIN[0m
  ↳ app/controllers/api/todos_controller.rb:14
  [1m[36mTodo Create (0.8ms)[0m  [1m[32mINSERT INTO "todos" ("title", "body", "done", "created_at", "updated_at") VALUES ($1, $2, $3, $4, $5) RETURNING "id"[0m  [["title", "hello"], ["body", "friend"], ["done", false], ["created_at", "2019-05-21 20:40:58.582958"], ["updated_at", "2019-05-21 20:40:58.582958"]]
  ↳ app/controllers/api/todos_controller.rb:14
  [1m[35m (126.4ms)[0m  [1m[35mCOMMIT[0m
  ↳ app/controllers/api/todos_controller.rb:14
Completed 200 OK in 153ms (Views: 1.1ms | ActiveRecord: 135.3ms)


Started DELETE "/api/todos/6" for ::1 at 2019-05-21 16:41:00 -0400
Processing by Api::TodosController#destroy as JSON
  Parameters: {"id"=>"6"}
  [1m[36mTodo Load (0.4ms)[0m  [1m[34mSELECT  "todos".* FROM "todos" WHERE "todos"."id" = $1 LIMIT $2[0m  [["id", 6], ["LIMIT", 1]]
  ↳ app/controllers/api/todos_controller.rb:32
  [1m[35m (0.2ms)[0m  [1m[35mBEGIN[0m
  ↳ app/controllers/api/todos_controller.rb:33
  [1m[36mTodo Destroy (0.6ms)[0m  [1m[31mDELETE FROM "todos" WHERE "todos"."id" = $1[0m  [["id", 6]]
  ↳ app/controllers/api/todos_controller.rb:33
  [1m[35m (0.5ms)[0m  [1m[35mCOMMIT[0m
  ↳ app/controllers/api/todos_controller.rb:33
Completed 200 OK in 8ms (Views: 0.5ms | ActiveRecord: 1.9ms)


Started POST "/api/todos" for ::1 at 2019-05-21 16:41:05 -0400
Processing by Api::TodosController#create as JSON
  Parameters: {"todo"=>{"title"=>"hello ", "body"=>"friend", "id"=>"6183", "done"=>"false"}}
Unpermitted parameter: :id
  [1m[35m (0.4ms)[0m  [1m[35mBEGIN[0m
  ↳ app/controllers/api/todos_controller.rb:14
  [1m[36mTodo Create (0.9ms)[0m  [1m[32mINSERT INTO "todos" ("title", "body", "done", "created_at", "updated_at") VALUES ($1, $2, $3, $4, $5) RETURNING "id"[0m  [["title", "hello "], ["body", "friend"], ["done", false], ["created_at", "2019-05-21 20:41:05.218403"], ["updated_at", "2019-05-21 20:41:05.218403"]]
  ↳ app/controllers/api/todos_controller.rb:14
  [1m[35m (0.4ms)[0m  [1m[35mCOMMIT[0m
  ↳ app/controllers/api/todos_controller.rb:14
Completed 200 OK in 7ms (Views: 0.4ms | ActiveRecord: 1.7ms)


Started GET "/" for ::1 at 2019-05-21 16:43:20 -0400
Processing by StaticPagesController#root as HTML
  Rendering static_pages/root.html.erb within layouts/application
  Rendered static_pages/root.html.erb within layouts/application (0.4ms)
Completed 200 OK in 912ms (Views: 893.1ms | ActiveRecord: 0.0ms)


Started GET "/api/todos" for ::1 at 2019-05-21 16:43:21 -0400
Processing by Api::TodosController#index as JSON
  [1m[36mTodo Load (0.7ms)[0m  [1m[34mSELECT "todos".* FROM "todos"[0m
  ↳ app/controllers/api/todos_controller.rb:4
Completed 200 OK in 3ms (Views: 2.1ms | ActiveRecord: 0.7ms)


Started PATCH "/api/todos/7" for ::1 at 2019-05-21 16:43:22 -0400
Processing by Api::TodosController#update as JSON
  Parameters: {"id"=>"7"}
  [1m[36mTodo Load (2.7ms)[0m  [1m[34mSELECT  "todos".* FROM "todos" WHERE "todos"."id" = $1 LIMIT $2[0m  [["id", 7], ["LIMIT", 1]]
  ↳ app/controllers/api/todos_controller.rb:22
Completed 500 Internal Server Error in 6ms (ActiveRecord: 2.7ms)



ArgumentError - wrong number of arguments (given 0, expected 1):
  app/controllers/api/todos_controller.rb:24:in `update'

Started GET "/" for ::1 at 2019-05-21 16:44:53 -0400
Processing by StaticPagesController#root as HTML
  Rendering static_pages/root.html.erb within layouts/application
  Rendered static_pages/root.html.erb within layouts/application (2.9ms)
Completed 200 OK in 1185ms (Views: 1170.5ms | ActiveRecord: 0.0ms)


Started GET "/api/todos" for ::1 at 2019-05-21 16:44:55 -0400
Processing by Api::TodosController#index as JSON
  [1m[36mTodo Load (1.0ms)[0m  [1m[34mSELECT "todos".* FROM "todos"[0m
  ↳ app/controllers/api/todos_controller.rb:4
Completed 200 OK in 5ms (Views: 4.0ms | ActiveRecord: 1.0ms)


Started GET "/" for ::1 at 2019-05-21 16:45:03 -0400
Processing by StaticPagesController#root as HTML
  Rendering static_pages/root.html.erb within layouts/application
  Rendered static_pages/root.html.erb within layouts/application (0.6ms)
Completed 200 OK in 629ms (Views: 626.0ms | ActiveRecord: 0.0ms)


Started GET "/api/todos" for ::1 at 2019-05-21 16:45:04 -0400
Processing by Api::TodosController#index as JSON
  [1m[36mTodo Load (0.8ms)[0m  [1m[34mSELECT "todos".* FROM "todos"[0m
  ↳ app/controllers/api/todos_controller.rb:4
Completed 200 OK in 4ms (Views: 2.8ms | ActiveRecord: 0.8ms)


Started GET "/" for ::1 at 2019-05-21 16:45:09 -0400
Processing by StaticPagesController#root as HTML
  Rendering static_pages/root.html.erb within layouts/application
  Rendered static_pages/root.html.erb within layouts/application (0.6ms)
Completed 200 OK in 865ms (Views: 862.8ms | ActiveRecord: 0.0ms)


Started GET "/api/todos" for ::1 at 2019-05-21 16:45:10 -0400
Processing by Api::TodosController#index as JSON
  [1m[36mTodo Load (0.8ms)[0m  [1m[34mSELECT "todos".* FROM "todos"[0m
  ↳ app/controllers/api/todos_controller.rb:4
Completed 200 OK in 3ms (Views: 1.8ms | ActiveRecord: 0.8ms)


Started PATCH "/api/todos/7" for ::1 at 2019-05-21 16:45:12 -0400
Processing by Api::TodosController#update as JSON
  Parameters: {"id"=>"7"}
  [1m[36mTodo Load (0.8ms)[0m  [1m[34mSELECT  "todos".* FROM "todos" WHERE "todos"."id" = $1 LIMIT $2[0m  [["id", 7], ["LIMIT", 1]]
  ↳ app/controllers/api/todos_controller.rb:22
Completed 500 Internal Server Error in 4ms (ActiveRecord: 0.8ms)



ArgumentError - wrong number of arguments (given 0, expected 1):
  app/controllers/api/todos_controller.rb:24:in `update'

Started PATCH "/api/todos/7" for ::1 at 2019-05-21 16:45:23 -0400
Processing by Api::TodosController#update as JSON
  Parameters: {"id"=>"7"}
  [1m[36mTodo Load (0.7ms)[0m  [1m[34mSELECT  "todos".* FROM "todos" WHERE "todos"."id" = $1 LIMIT $2[0m  [["id", 7], ["LIMIT", 1]]
  ↳ app/controllers/api/todos_controller.rb:22
Completed 500 Internal Server Error in 3ms (ActiveRecord: 0.7ms)



ArgumentError - wrong number of arguments (given 0, expected 1):
  app/controllers/api/todos_controller.rb:24:in `update'

Started GET "/" for ::1 at 2019-05-21 16:46:37 -0400
Processing by StaticPagesController#root as HTML
  Rendering static_pages/root.html.erb within layouts/application
  Rendered static_pages/root.html.erb within layouts/application (2.5ms)
Completed 200 OK in 311ms (Views: 277.2ms | ActiveRecord: 0.0ms)


Started GET "/api/todos" for ::1 at 2019-05-21 16:46:38 -0400
Processing by Api::TodosController#index as JSON
  [1m[36mTodo Load (1.2ms)[0m  [1m[34mSELECT "todos".* FROM "todos"[0m
  ↳ app/controllers/api/todos_controller.rb:4
Completed 200 OK in 12ms (Views: 8.7ms | ActiveRecord: 1.2ms)


Started PATCH "/api/todos/7" for ::1 at 2019-05-21 16:46:43 -0400
Processing by Api::TodosController#update as JSON
  Parameters: {"id"=>"7"}
  [1m[36mTodo Load (0.6ms)[0m  [1m[34mSELECT  "todos".* FROM "todos" WHERE "todos"."id" = $1 LIMIT $2[0m  [["id", 7], ["LIMIT", 1]]
  ↳ app/controllers/api/todos_controller.rb:22
Completed 500 Internal Server Error in 4ms (ActiveRecord: 0.6ms)



ArgumentError - wrong number of arguments (given 0, expected 1):
  app/controllers/api/todos_controller.rb:24:in `update'

Started GET "/" for ::1 at 2019-05-21 16:47:24 -0400
Processing by StaticPagesController#root as HTML
  Rendering static_pages/root.html.erb within layouts/application
  Rendered static_pages/root.html.erb within layouts/application (0.6ms)
Completed 200 OK in 937ms (Views: 917.6ms | ActiveRecord: 0.0ms)


Started GET "/api/todos" for ::1 at 2019-05-21 16:47:26 -0400
Processing by Api::TodosController#index as JSON
  [1m[36mTodo Load (0.7ms)[0m  [1m[34mSELECT "todos".* FROM "todos"[0m
  ↳ app/controllers/api/todos_controller.rb:4
Completed 200 OK in 5ms (Views: 3.7ms | ActiveRecord: 0.7ms)


Started GET "/" for ::1 at 2019-05-21 16:48:10 -0400
Processing by StaticPagesController#root as HTML
  Rendering static_pages/root.html.erb within layouts/application
  Rendered static_pages/root.html.erb within layouts/application (2.2ms)
Completed 200 OK in 1074ms (Views: 1057.0ms | ActiveRecord: 0.0ms)


Started PATCH "/api/todos/7" for ::1 at 2019-05-21 16:48:11 -0400
Processing by Api::TodosController#update as JSON
  Parameters: {"id"=>"7"}
  [1m[36mTodo Load (1.1ms)[0m  [1m[34mSELECT  "todos".* FROM "todos" WHERE "todos"."id" = $1 LIMIT $2[0m  [["id", 7], ["LIMIT", 1]]
  ↳ app/controllers/api/todos_controller.rb:22
Completed 500 Internal Server Error in 3ms (ActiveRecord: 1.1ms)



ArgumentError - wrong number of arguments (given 0, expected 1):
  app/controllers/api/todos_controller.rb:24:in `update'

Started GET "/api/todos" for ::1 at 2019-05-21 16:48:12 -0400
Processing by Api::TodosController#index as JSON
  [1m[36mTodo Load (6.4ms)[0m  [1m[34mSELECT "todos".* FROM "todos"[0m
  ↳ app/controllers/api/todos_controller.rb:4
Completed 200 OK in 9ms (Views: 1.9ms | ActiveRecord: 6.4ms)


Started PATCH "/api/todos/7" for ::1 at 2019-05-21 16:48:17 -0400
Processing by Api::TodosController#update as JSON
  Parameters: {"todo"=>{"id"=>"7", "done"=>"true", "title"=>"hello ", "body"=>"friend"}, "id"=>"7"}
  [1m[36mTodo Load (0.9ms)[0m  [1m[34mSELECT  "todos".* FROM "todos" WHERE "todos"."id" = $1 LIMIT $2[0m  [["id", 7], ["LIMIT", 1]]
  ↳ app/controllers/api/todos_controller.rb:22
Completed 500 Internal Server Error in 3ms (ActiveRecord: 0.9ms)



ArgumentError - wrong number of arguments (given 0, expected 1):
  app/controllers/api/todos_controller.rb:24:in `update'

Started GET "/" for ::1 at 2019-05-21 16:49:47 -0400
Processing by StaticPagesController#root as HTML
  Rendering static_pages/root.html.erb within layouts/application
  Rendered static_pages/root.html.erb within layouts/application (0.4ms)
Completed 200 OK in 212ms (Views: 209.8ms | ActiveRecord: 0.0ms)


Started GET "/api/todos" for ::1 at 2019-05-21 16:49:48 -0400
Processing by Api::TodosController#index as JSON
  [1m[36mTodo Load (0.8ms)[0m  [1m[34mSELECT "todos".* FROM "todos"[0m
  ↳ app/controllers/api/todos_controller.rb:4
Completed 200 OK in 82ms (Views: 15.9ms | ActiveRecord: 19.2ms)


Started PATCH "/api/todos/7" for ::1 at 2019-05-21 16:49:52 -0400
Processing by Api::TodosController#update as JSON
  Parameters: {"todo"=>{"id"=>"7", "done"=>"true", "title"=>"hello ", "body"=>"friend"}, "id"=>"7"}
  [1m[36mTodo Load (0.4ms)[0m  [1m[34mSELECT  "todos".* FROM "todos" WHERE "todos"."id" = $1 LIMIT $2[0m  [["id", 7], ["LIMIT", 1]]
  ↳ app/controllers/api/todos_controller.rb:22
Unpermitted parameter: :id
  [1m[35m (0.3ms)[0m  [1m[35mBEGIN[0m
  ↳ app/controllers/api/todos_controller.rb:24
  [1m[36mTodo Update (51.8ms)[0m  [1m[33mUPDATE "todos" SET "done" = $1, "updated_at" = $2 WHERE "todos"."id" = $3[0m  [["done", true], ["updated_at", "2019-05-21 20:49:52.175524"], ["id", 7]]
  ↳ app/controllers/api/todos_controller.rb:24
  [1m[35m (28.2ms)[0m  [1m[35mCOMMIT[0m
  ↳ app/controllers/api/todos_controller.rb:24
Completed 200 OK in 89ms (Views: 0.6ms | ActiveRecord: 80.7ms)


Started GET "/" for ::1 at 2019-05-21 16:50:17 -0400
Processing by StaticPagesController#root as HTML
  Rendering static_pages/root.html.erb within layouts/application
  Rendered static_pages/root.html.erb within layouts/application (1.5ms)
Completed 200 OK in 388ms (Views: 369.2ms | ActiveRecord: 0.0ms)


Started GET "/api/todos" for ::1 at 2019-05-21 16:50:18 -0400
Processing by Api::TodosController#index as JSON
  [1m[36mTodo Load (0.9ms)[0m  [1m[34mSELECT "todos".* FROM "todos"[0m
  ↳ app/controllers/api/todos_controller.rb:4
Completed 200 OK in 20ms (Views: 17.5ms | ActiveRecord: 0.9ms)


Started PATCH "/api/todos/7" for ::1 at 2019-05-21 16:50:18 -0400
Processing by Api::TodosController#update as JSON
  Parameters: {"id"=>"7"}
  [1m[36mTodo Load (0.6ms)[0m  [1m[34mSELECT  "todos".* FROM "todos" WHERE "todos"."id" = $1 LIMIT $2[0m  [["id", 7], ["LIMIT", 1]]
  ↳ app/controllers/api/todos_controller.rb:22
Completed 400 Bad Request in 7ms (ActiveRecord: 0.6ms)



ActionController::ParameterMissing - param is missing or the value is empty: todo:
  app/controllers/api/todos_controller.rb:40:in `todo_params'
  app/controllers/api/todos_controller.rb:24:in `update'

Started PATCH "/api/todos/7" for ::1 at 2019-05-21 16:50:19 -0400
Processing by Api::TodosController#update as JSON
  Parameters: {"id"=>"7"}
  [1m[36mTodo Load (0.4ms)[0m  [1m[34mSELECT  "todos".* FROM "todos" WHERE "todos"."id" = $1 LIMIT $2[0m  [["id", 7], ["LIMIT", 1]]
  ↳ app/controllers/api/todos_controller.rb:22
Completed 400 Bad Request in 3ms (ActiveRecord: 0.4ms)



ActionController::ParameterMissing - param is missing or the value is empty: todo:
  app/controllers/api/todos_controller.rb:40:in `todo_params'
  app/controllers/api/todos_controller.rb:24:in `update'

Started PATCH "/api/todos/7" for ::1 at 2019-05-21 16:50:20 -0400
Processing by Api::TodosController#update as JSON
  Parameters: {"id"=>"7"}
  [1m[36mTodo Load (0.6ms)[0m  [1m[34mSELECT  "todos".* FROM "todos" WHERE "todos"."id" = $1 LIMIT $2[0m  [["id", 7], ["LIMIT", 1]]
  ↳ app/controllers/api/todos_controller.rb:22
Completed 400 Bad Request in 3ms (ActiveRecord: 0.6ms)



ActionController::ParameterMissing - param is missing or the value is empty: todo:
  app/controllers/api/todos_controller.rb:40:in `todo_params'
  app/controllers/api/todos_controller.rb:24:in `update'

Started PATCH "/api/todos/7" for ::1 at 2019-05-21 16:50:20 -0400
Processing by Api::TodosController#update as JSON
  Parameters: {"id"=>"7"}
  [1m[36mTodo Load (0.8ms)[0m  [1m[34mSELECT  "todos".* FROM "todos" WHERE "todos"."id" = $1 LIMIT $2[0m  [["id", 7], ["LIMIT", 1]]
  ↳ app/controllers/api/todos_controller.rb:22
Completed 400 Bad Request in 4ms (ActiveRecord: 0.8ms)



ActionController::ParameterMissing - param is missing or the value is empty: todo:
  app/controllers/api/todos_controller.rb:40:in `todo_params'
  app/controllers/api/todos_controller.rb:24:in `update'

Started GET "/" for ::1 at 2019-05-21 16:50:29 -0400
Processing by StaticPagesController#root as HTML
  Rendering static_pages/root.html.erb within layouts/application
  Rendered static_pages/root.html.erb within layouts/application (0.6ms)
Completed 200 OK in 1040ms (Views: 1037.2ms | ActiveRecord: 0.0ms)


Started GET "/api/todos" for ::1 at 2019-05-21 16:50:31 -0400
Processing by Api::TodosController#index as JSON
  [1m[36mTodo Load (0.7ms)[0m  [1m[34mSELECT "todos".* FROM "todos"[0m
  ↳ app/controllers/api/todos_controller.rb:4
Completed 200 OK in 3ms (Views: 1.5ms | ActiveRecord: 0.7ms)


Started PATCH "/api/todos/7" for ::1 at 2019-05-21 16:50:32 -0400
Processing by Api::TodosController#update as JSON
  Parameters: {"todo"=>{"id"=>"7", "done"=>"false", "title"=>"hello ", "body"=>"friend"}, "id"=>"7"}
  [1m[36mTodo Load (0.4ms)[0m  [1m[34mSELECT  "todos".* FROM "todos" WHERE "todos"."id" = $1 LIMIT $2[0m  [["id", 7], ["LIMIT", 1]]
  ↳ app/controllers/api/todos_controller.rb:22
Unpermitted parameter: :id
  [1m[35m (0.2ms)[0m  [1m[35mBEGIN[0m
  ↳ app/controllers/api/todos_controller.rb:24
  [1m[36mTodo Update (0.6ms)[0m  [1m[33mUPDATE "todos" SET "done" = $1, "updated_at" = $2 WHERE "todos"."id" = $3[0m  [["done", false], ["updated_at", "2019-05-21 20:50:32.469948"], ["id", 7]]
  ↳ app/controllers/api/todos_controller.rb:24
  [1m[35m (43.8ms)[0m  [1m[35mCOMMIT[0m
  ↳ app/controllers/api/todos_controller.rb:24
Completed 200 OK in 49ms (Views: 0.5ms | ActiveRecord: 44.9ms)


Started PATCH "/api/todos/7" for ::1 at 2019-05-21 16:50:33 -0400
Processing by Api::TodosController#update as JSON
  Parameters: {"todo"=>{"id"=>"7", "done"=>"true", "title"=>"hello ", "body"=>"friend"}, "id"=>"7"}
  [1m[36mTodo Load (0.4ms)[0m  [1m[34mSELECT  "todos".* FROM "todos" WHERE "todos"."id" = $1 LIMIT $2[0m  [["id", 7], ["LIMIT", 1]]
  ↳ app/controllers/api/todos_controller.rb:22
Unpermitted parameter: :id
  [1m[35m (0.1ms)[0m  [1m[35mBEGIN[0m
  ↳ app/controllers/api/todos_controller.rb:24
  [1m[36mTodo Update (0.5ms)[0m  [1m[33mUPDATE "todos" SET "done" = $1, "updated_at" = $2 WHERE "todos"."id" = $3[0m  [["done", true], ["updated_at", "2019-05-21 20:50:33.136454"], ["id", 7]]
  ↳ app/controllers/api/todos_controller.rb:24
  [1m[35m (0.7ms)[0m  [1m[35mCOMMIT[0m
  ↳ app/controllers/api/todos_controller.rb:24
Completed 200 OK in 6ms (Views: 0.4ms | ActiveRecord: 1.8ms)


Started GET "/" for ::1 at 2019-05-21 16:57:41 -0400
Processing by StaticPagesController#root as HTML
  Rendering static_pages/root.html.erb within layouts/application
  Rendered static_pages/root.html.erb within layouts/application (5.5ms)
Completed 200 OK in 1487ms (Views: 1438.8ms | ActiveRecord: 0.0ms)


Started GET "/" for ::1 at 2019-05-21 16:59:13 -0400
Processing by StaticPagesController#root as HTML
  Rendering static_pages/root.html.erb within layouts/application
  Rendered static_pages/root.html.erb within layouts/application (0.7ms)
Completed 200 OK in 975ms (Views: 953.6ms | ActiveRecord: 0.0ms)


Started GET "/api/todos" for ::1 at 2019-05-21 16:59:15 -0400
Processing by Api::TodosController#index as JSON
  [1m[36mTodo Load (2.3ms)[0m  [1m[34mSELECT "todos".* FROM "todos"[0m
  ↳ app/controllers/api/todos_controller.rb:4
Completed 200 OK in 7ms (Views: 4.3ms | ActiveRecord: 2.3ms)


Started GET "/" for ::1 at 2019-05-21 17:03:17 -0400
Processing by StaticPagesController#root as HTML
  Rendering static_pages/root.html.erb within layouts/application
  Rendered static_pages/root.html.erb within layouts/application (2.7ms)
Completed 200 OK in 1100ms (Views: 1068.6ms | ActiveRecord: 0.0ms)


Started GET "/api/todos" for ::1 at 2019-05-21 17:03:18 -0400
Processing by Api::TodosController#index as JSON
  [1m[36mTodo Load (3.5ms)[0m  [1m[34mSELECT "todos".* FROM "todos"[0m
  ↳ app/controllers/api/todos_controller.rb:4
Completed 200 OK in 14ms (Views: 10.0ms | ActiveRecord: 3.5ms)


Started GET "/" for ::1 at 2019-05-21 17:08:33 -0400
Processing by StaticPagesController#root as HTML
  Rendering static_pages/root.html.erb within layouts/application
  Rendered static_pages/root.html.erb within layouts/application (3.4ms)
Completed 200 OK in 889ms (Views: 858.5ms | ActiveRecord: 0.0ms)


Started GET "/api/todos" for ::1 at 2019-05-21 17:08:34 -0400
Processing by Api::TodosController#index as JSON
  [1m[36mTodo Load (3.7ms)[0m  [1m[34mSELECT "todos".* FROM "todos"[0m
  ↳ app/controllers/api/todos_controller.rb:4
Completed 200 OK in 22ms (Views: 15.3ms | ActiveRecord: 3.7ms)


Started GET "/" for ::1 at 2019-05-21 17:08:44 -0400
Processing by StaticPagesController#root as HTML
  Rendering static_pages/root.html.erb within layouts/application
  Rendered static_pages/root.html.erb within layouts/application (0.7ms)
Completed 200 OK in 32ms (Views: 29.6ms | ActiveRecord: 0.0ms)


Started GET "/api/todos" for ::1 at 2019-05-21 17:08:44 -0400
Processing by Api::TodosController#index as JSON
  [1m[36mTodo Load (0.7ms)[0m  [1m[34mSELECT "todos".* FROM "todos"[0m
  ↳ app/controllers/api/todos_controller.rb:4
Completed 200 OK in 3ms (Views: 1.7ms | ActiveRecord: 0.7ms)


Started GET "/" for ::1 at 2019-05-21 17:08:46 -0400
Processing by StaticPagesController#root as HTML
  Rendering static_pages/root.html.erb within layouts/application
  Rendered static_pages/root.html.erb within layouts/application (0.5ms)
Completed 200 OK in 25ms (Views: 22.8ms | ActiveRecord: 0.0ms)


Started GET "/api/todos" for ::1 at 2019-05-21 17:08:46 -0400
Processing by Api::TodosController#index as JSON
  [1m[36mTodo Load (0.7ms)[0m  [1m[34mSELECT "todos".* FROM "todos"[0m
  ↳ app/controllers/api/todos_controller.rb:4
Completed 200 OK in 3ms (Views: 1.9ms | ActiveRecord: 0.7ms)


Started GET "/" for ::1 at 2019-05-21 17:08:48 -0400
Processing by StaticPagesController#root as HTML
  Rendering static_pages/root.html.erb within layouts/application
  Rendered static_pages/root.html.erb within layouts/application (0.7ms)
Completed 200 OK in 84ms (Views: 81.4ms | ActiveRecord: 0.0ms)


Started GET "/api/todos" for ::1 at 2019-05-21 17:08:49 -0400
Processing by Api::TodosController#index as JSON
  [1m[36mTodo Load (2.1ms)[0m  [1m[34mSELECT "todos".* FROM "todos"[0m
  ↳ app/controllers/api/todos_controller.rb:4
Completed 200 OK in 4ms (Views: 2.0ms | ActiveRecord: 2.1ms)


Started GET "/" for ::1 at 2019-05-21 17:10:18 -0400
Processing by StaticPagesController#root as HTML
  Rendering static_pages/root.html.erb within layouts/application
  Rendered static_pages/root.html.erb within layouts/application (3.5ms)
Completed 200 OK in 921ms (Views: 900.1ms | ActiveRecord: 0.0ms)


Started GET "/api/todos" for ::1 at 2019-05-21 17:10:20 -0400
Processing by Api::TodosController#index as JSON
  [1m[36mTodo Load (0.9ms)[0m  [1m[34mSELECT "todos".* FROM "todos"[0m
  ↳ app/controllers/api/todos_controller.rb:4
Completed 200 OK in 28ms (Views: 24.8ms | ActiveRecord: 0.9ms)


Started GET "/" for ::1 at 2019-05-21 17:10:42 -0400
Processing by StaticPagesController#root as HTML
  Rendering static_pages/root.html.erb within layouts/application
  Rendered static_pages/root.html.erb within layouts/application (1.5ms)
Completed 200 OK in 1125ms (Views: 1096.5ms | ActiveRecord: 0.0ms)


Started GET "/api/todos" for ::1 at 2019-05-21 17:10:44 -0400
Processing by Api::TodosController#index as JSON
  [1m[36mTodo Load (0.7ms)[0m  [1m[34mSELECT "todos".* FROM "todos"[0m
  ↳ app/controllers/api/todos_controller.rb:4
Completed 200 OK in 4ms (Views: 2.2ms | ActiveRecord: 0.7ms)


Started GET "/" for ::1 at 2019-05-21 17:12:55 -0400
Processing by StaticPagesController#root as HTML
  Rendering static_pages/root.html.erb within layouts/application
  Rendered static_pages/root.html.erb within layouts/application (0.7ms)
Completed 200 OK in 945ms (Views: 926.2ms | ActiveRecord: 0.0ms)


Started GET "/api/todos" for ::1 at 2019-05-21 17:12:56 -0400
Processing by Api::TodosController#index as JSON
  [1m[36mTodo Load (1.3ms)[0m  [1m[34mSELECT "todos".* FROM "todos"[0m
  ↳ app/controllers/api/todos_controller.rb:4
Completed 200 OK in 4ms (Views: 2.0ms | ActiveRecord: 1.3ms)


Started GET "/" for ::1 at 2019-05-21 17:20:24 -0400
Processing by StaticPagesController#root as HTML
  Rendering static_pages/root.html.erb within layouts/application
  Rendered static_pages/root.html.erb within layouts/application (0.8ms)
Completed 200 OK in 979ms (Views: 944.1ms | ActiveRecord: 0.0ms)


Started GET "/api/todos" for ::1 at 2019-05-21 17:20:26 -0400
Processing by Api::TodosController#index as JSON
  [1m[36mTodo Load (1.7ms)[0m  [1m[34mSELECT "todos".* FROM "todos"[0m
  ↳ app/controllers/api/todos_controller.rb:4
Completed 200 OK in 9ms (Views: 3.9ms | ActiveRecord: 1.7ms)


Started GET "/" for ::1 at 2019-05-21 17:20:33 -0400
Processing by StaticPagesController#root as HTML
  Rendering static_pages/root.html.erb within layouts/application
  Rendered static_pages/root.html.erb within layouts/application (1.7ms)
Completed 200 OK in 1202ms (Views: 1199.0ms | ActiveRecord: 0.0ms)


Started GET "/api/todos" for ::1 at 2019-05-21 17:20:35 -0400
Processing by Api::TodosController#index as JSON
  [1m[36mTodo Load (0.7ms)[0m  [1m[34mSELECT "todos".* FROM "todos"[0m
  ↳ app/controllers/api/todos_controller.rb:4
Completed 200 OK in 3ms (Views: 2.0ms | ActiveRecord: 0.7ms)


Started GET "/" for ::1 at 2019-05-21 17:22:08 -0400
Processing by StaticPagesController#root as HTML
  Rendering static_pages/root.html.erb within layouts/application
  Rendered static_pages/root.html.erb within layouts/application (0.8ms)
Completed 200 OK in 931ms (Views: 911.6ms | ActiveRecord: 0.0ms)


Started GET "/api/todos" for ::1 at 2019-05-21 17:22:10 -0400
Processing by Api::TodosController#index as JSON
  [1m[36mTodo Load (2.1ms)[0m  [1m[34mSELECT "todos".* FROM "todos"[0m
  ↳ app/controllers/api/todos_controller.rb:4
Completed 200 OK in 15ms (Views: 8.4ms | ActiveRecord: 2.1ms)


Started GET "/" for ::1 at 2019-05-21 17:22:44 -0400
Processing by StaticPagesController#root as HTML
  Rendering static_pages/root.html.erb within layouts/application
  Rendered static_pages/root.html.erb within layouts/application (3.8ms)
Completed 200 OK in 954ms (Views: 935.1ms | ActiveRecord: 0.0ms)


Started GET "/api/todos" for ::1 at 2019-05-21 17:22:45 -0400
Processing by Api::TodosController#index as JSON
  [1m[36mTodo Load (1.3ms)[0m  [1m[34mSELECT "todos".* FROM "todos"[0m
  ↳ app/controllers/api/todos_controller.rb:4
Completed 200 OK in 4ms (Views: 2.5ms | ActiveRecord: 1.3ms)


Started GET "/" for ::1 at 2019-05-21 17:23:07 -0400
Processing by StaticPagesController#root as HTML
  Rendering static_pages/root.html.erb within layouts/application
  Rendered static_pages/root.html.erb within layouts/application (0.7ms)
Completed 200 OK in 995ms (Views: 974.9ms | ActiveRecord: 0.0ms)


Started GET "/api/todos" for ::1 at 2019-05-21 17:23:08 -0400
Processing by Api::TodosController#index as JSON
  [1m[36mTodo Load (0.6ms)[0m  [1m[34mSELECT "todos".* FROM "todos"[0m
  ↳ app/controllers/api/todos_controller.rb:4
Completed 200 OK in 3ms (Views: 2.0ms | ActiveRecord: 0.6ms)


Started GET "/" for ::1 at 2019-05-21 17:23:36 -0400
Processing by StaticPagesController#root as HTML
  Rendering static_pages/root.html.erb within layouts/application
  Rendered static_pages/root.html.erb within layouts/application (6.2ms)
Completed 200 OK in 1141ms (Views: 1120.5ms | ActiveRecord: 0.0ms)


Started GET "/api/todos" for ::1 at 2019-05-21 17:23:38 -0400
Processing by Api::TodosController#index as JSON
  [1m[36mTodo Load (1.7ms)[0m  [1m[34mSELECT "todos".* FROM "todos"[0m
  ↳ app/controllers/api/todos_controller.rb:4
Completed 200 OK in 22ms (Views: 16.8ms | ActiveRecord: 1.7ms)


Started GET "/" for ::1 at 2019-05-21 17:23:52 -0400
Processing by StaticPagesController#root as HTML
  Rendering static_pages/root.html.erb within layouts/application
  Rendered static_pages/root.html.erb within layouts/application (0.6ms)
Completed 200 OK in 1168ms (Views: 1146.5ms | ActiveRecord: 0.0ms)


Started GET "/api/todos" for ::1 at 2019-05-21 17:23:53 -0400
Processing by Api::TodosController#index as JSON
  [1m[36mTodo Load (2.9ms)[0m  [1m[34mSELECT "todos".* FROM "todos"[0m
  ↳ app/controllers/api/todos_controller.rb:4
Completed 200 OK in 5ms (Views: 2.1ms | ActiveRecord: 2.9ms)


Started GET "/" for ::1 at 2019-05-21 17:24:56 -0400
Processing by StaticPagesController#root as HTML
  Rendering static_pages/root.html.erb within layouts/application
  Rendered static_pages/root.html.erb within layouts/application (13.3ms)
Completed 200 OK in 1670ms (Views: 1649.4ms | ActiveRecord: 0.0ms)


Started GET "/api/todos" for ::1 at 2019-05-21 17:24:58 -0400
Processing by Api::TodosController#index as JSON
  [1m[36mTodo Load (1.7ms)[0m  [1m[34mSELECT "todos".* FROM "todos"[0m
  ↳ app/controllers/api/todos_controller.rb:4
Completed 200 OK in 16ms (Views: 12.9ms | ActiveRecord: 1.7ms)


Started PATCH "/api/todos/7" for ::1 at 2019-05-21 17:25:06 -0400
Processing by Api::TodosController#update as JSON
  Parameters: {"todo"=>{"id"=>"7", "done"=>"false", "title"=>"hello ", "body"=>"friend"}, "id"=>"7"}
  [1m[36mTodo Load (0.7ms)[0m  [1m[34mSELECT  "todos".* FROM "todos" WHERE "todos"."id" = $1 LIMIT $2[0m  [["id", 7], ["LIMIT", 1]]
  ↳ app/controllers/api/todos_controller.rb:22
Unpermitted parameter: :id
  [1m[35m (0.2ms)[0m  [1m[35mBEGIN[0m
  ↳ app/controllers/api/todos_controller.rb:24
  [1m[36mTodo Update (33.2ms)[0m  [1m[33mUPDATE "todos" SET "done" = $1, "updated_at" = $2 WHERE "todos"."id" = $3[0m  [["done", false], ["updated_at", "2019-05-21 21:25:07.007346"], ["id", 7]]
  ↳ app/controllers/api/todos_controller.rb:24
  [1m[35m (45.2ms)[0m  [1m[35mCOMMIT[0m
  ↳ app/controllers/api/todos_controller.rb:24
Completed 200 OK in 86ms (Views: 0.7ms | ActiveRecord: 79.6ms)


Started PATCH "/api/todos/7" for ::1 at 2019-05-21 17:25:07 -0400
Processing by Api::TodosController#update as JSON
  Parameters: {"todo"=>{"id"=>"7", "done"=>"true", "title"=>"hello ", "body"=>"friend"}, "id"=>"7"}
  [1m[36mTodo Load (0.6ms)[0m  [1m[34mSELECT  "todos".* FROM "todos" WHERE "todos"."id" = $1 LIMIT $2[0m  [["id", 7], ["LIMIT", 1]]
  ↳ app/controllers/api/todos_controller.rb:22
Unpermitted parameter: :id
  [1m[35m (0.3ms)[0m  [1m[35mBEGIN[0m
  ↳ app/controllers/api/todos_controller.rb:24
  [1m[36mTodo Update (14.3ms)[0m  [1m[33mUPDATE "todos" SET "done" = $1, "updated_at" = $2 WHERE "todos"."id" = $3[0m  [["done", true], ["updated_at", "2019-05-21 21:25:07.210579"], ["id", 7]]
  ↳ app/controllers/api/todos_controller.rb:24
  [1m[35m (0.4ms)[0m  [1m[35mCOMMIT[0m
  ↳ app/controllers/api/todos_controller.rb:24
Completed 200 OK in 21ms (Views: 0.5ms | ActiveRecord: 15.6ms)


Started GET "/" for ::1 at 2019-05-21 17:26:18 -0400
Processing by StaticPagesController#root as HTML
  Rendering static_pages/root.html.erb within layouts/application
  Rendered static_pages/root.html.erb within layouts/application (0.6ms)
Completed 200 OK in 1061ms (Views: 1024.8ms | ActiveRecord: 0.0ms)


Started GET "/api/todos" for ::1 at 2019-05-21 17:26:20 -0400
Processing by Api::TodosController#index as JSON
  [1m[36mTodo Load (1.3ms)[0m  [1m[34mSELECT "todos".* FROM "todos"[0m
  ↳ app/controllers/api/todos_controller.rb:4
Completed 200 OK in 4ms (Views: 1.8ms | ActiveRecord: 1.3ms)


Started GET "/" for ::1 at 2019-05-21 17:27:46 -0400
Processing by StaticPagesController#root as HTML
  Rendering static_pages/root.html.erb within layouts/application
  Rendered static_pages/root.html.erb within layouts/application (0.8ms)
Completed 200 OK in 985ms (Views: 966.4ms | ActiveRecord: 0.0ms)


Started GET "/api/todos" for ::1 at 2019-05-21 17:27:47 -0400
Processing by Api::TodosController#index as JSON
  [1m[36mTodo Load (1.6ms)[0m  [1m[34mSELECT "todos".* FROM "todos"[0m
  ↳ app/controllers/api/todos_controller.rb:4
Completed 200 OK in 4ms (Views: 2.1ms | ActiveRecord: 1.6ms)


Started GET "/" for ::1 at 2019-05-21 17:27:57 -0400
Processing by StaticPagesController#root as HTML
  Rendering static_pages/root.html.erb within layouts/application
  Rendered static_pages/root.html.erb within layouts/application (0.7ms)
Completed 200 OK in 973ms (Views: 970.3ms | ActiveRecord: 0.0ms)


Started GET "/api/todos" for ::1 at 2019-05-21 17:27:58 -0400
Processing by Api::TodosController#index as JSON
  [1m[36mTodo Load (0.8ms)[0m  [1m[34mSELECT "todos".* FROM "todos"[0m
  ↳ app/controllers/api/todos_controller.rb:4
Completed 200 OK in 3ms (Views: 1.8ms | ActiveRecord: 0.8ms)


Started GET "/" for ::1 at 2019-05-21 17:28:10 -0400
Processing by StaticPagesController#root as HTML
  Rendering static_pages/root.html.erb within layouts/application
  Rendered static_pages/root.html.erb within layouts/application (0.6ms)
Completed 200 OK in 1035ms (Views: 1014.5ms | ActiveRecord: 0.0ms)


Started GET "/api/todos" for ::1 at 2019-05-21 17:28:11 -0400
Processing by Api::TodosController#index as JSON
  [1m[36mTodo Load (3.6ms)[0m  [1m[34mSELECT "todos".* FROM "todos"[0m
  ↳ app/controllers/api/todos_controller.rb:4
Completed 200 OK in 23ms (Views: 3.0ms | ActiveRecord: 3.6ms)


Started GET "/" for ::1 at 2019-05-21 17:28:26 -0400
Processing by StaticPagesController#root as HTML
  Rendering static_pages/root.html.erb within layouts/application
  Rendered static_pages/root.html.erb within layouts/application (0.7ms)
Completed 200 OK in 1178ms (Views: 1169.2ms | ActiveRecord: 0.0ms)


Started GET "/api/todos" for ::1 at 2019-05-21 17:28:28 -0400
Processing by Api::TodosController#index as JSON
  [1m[36mTodo Load (1.5ms)[0m  [1m[34mSELECT "todos".* FROM "todos"[0m
  ↳ app/controllers/api/todos_controller.rb:4
Completed 200 OK in 4ms (Views: 2.0ms | ActiveRecord: 1.5ms)


Started GET "/" for ::1 at 2019-05-21 17:28:37 -0400
Processing by StaticPagesController#root as HTML
  Rendering static_pages/root.html.erb within layouts/application
  Rendered static_pages/root.html.erb within layouts/application (0.6ms)
Completed 200 OK in 984ms (Views: 981.7ms | ActiveRecord: 0.0ms)


Started GET "/api/todos" for ::1 at 2019-05-21 17:28:38 -0400
Processing by Api::TodosController#index as JSON
  [1m[36mTodo Load (4.0ms)[0m  [1m[34mSELECT "todos".* FROM "todos"[0m
  ↳ app/controllers/api/todos_controller.rb:4
Completed 200 OK in 6ms (Views: 1.8ms | ActiveRecord: 4.0ms)


Started GET "/" for ::1 at 2019-05-21 17:28:54 -0400
Processing by StaticPagesController#root as HTML
  Rendering static_pages/root.html.erb within layouts/application
  Rendered static_pages/root.html.erb within layouts/application (0.4ms)
Completed 200 OK in 738ms (Views: 715.7ms | ActiveRecord: 0.0ms)


Started GET "/api/todos" for ::1 at 2019-05-21 17:28:55 -0400
Processing by Api::TodosController#index as JSON
  [1m[36mTodo Load (0.6ms)[0m  [1m[34mSELECT "todos".* FROM "todos"[0m
  ↳ app/controllers/api/todos_controller.rb:4
Completed 200 OK in 3ms (Views: 1.8ms | ActiveRecord: 0.6ms)


Started GET "/" for ::1 at 2019-05-21 17:29:55 -0400
Processing by StaticPagesController#root as HTML
  Rendering static_pages/root.html.erb within layouts/application
  Rendered static_pages/root.html.erb within layouts/application (2.4ms)
Completed 200 OK in 1019ms (Views: 1001.8ms | ActiveRecord: 0.0ms)


Started GET "/api/todos" for ::1 at 2019-05-21 17:29:56 -0400
Processing by Api::TodosController#index as JSON
  [1m[36mTodo Load (1.2ms)[0m  [1m[34mSELECT "todos".* FROM "todos"[0m
  ↳ app/controllers/api/todos_controller.rb:4
Completed 200 OK in 19ms (Views: 15.8ms | ActiveRecord: 1.2ms)


Started PATCH "/api/todos/7" for ::1 at 2019-05-21 17:29:58 -0400
Processing by Api::TodosController#update as JSON
  Parameters: {"todo"=>{"id"=>"7", "done"=>"false", "title"=>"hello ", "body"=>"friend"}, "id"=>"7"}
  [1m[36mTodo Load (0.7ms)[0m  [1m[34mSELECT  "todos".* FROM "todos" WHERE "todos"."id" = $1 LIMIT $2[0m  [["id", 7], ["LIMIT", 1]]
  ↳ app/controllers/api/todos_controller.rb:22
Unpermitted parameter: :id
  [1m[35m (0.2ms)[0m  [1m[35mBEGIN[0m
  ↳ app/controllers/api/todos_controller.rb:24
  [1m[36mTodo Update (18.8ms)[0m  [1m[33mUPDATE "todos" SET "done" = $1, "updated_at" = $2 WHERE "todos"."id" = $3[0m  [["done", false], ["updated_at", "2019-05-21 21:29:58.382015"], ["id", 7]]
  ↳ app/controllers/api/todos_controller.rb:24
  [1m[35m (28.3ms)[0m  [1m[35mCOMMIT[0m
  ↳ app/controllers/api/todos_controller.rb:24
Completed 200 OK in 58ms (Views: 0.9ms | ActiveRecord: 48.0ms)


Started DELETE "/api/todos/7" for ::1 at 2019-05-21 17:29:58 -0400
Processing by Api::TodosController#destroy as JSON
  Parameters: {"id"=>"7"}
  [1m[36mTodo Load (0.9ms)[0m  [1m[34mSELECT  "todos".* FROM "todos" WHERE "todos"."id" = $1 LIMIT $2[0m  [["id", 7], ["LIMIT", 1]]
  ↳ app/controllers/api/todos_controller.rb:32
  [1m[35m (0.2ms)[0m  [1m[35mBEGIN[0m
  ↳ app/controllers/api/todos_controller.rb:33
  [1m[36mTodo Destroy (10.3ms)[0m  [1m[31mDELETE FROM "todos" WHERE "todos"."id" = $1[0m  [["id", 7]]
  ↳ app/controllers/api/todos_controller.rb:33
  [1m[35m (0.6ms)[0m  [1m[35mCOMMIT[0m
  ↳ app/controllers/api/todos_controller.rb:33
Completed 200 OK in 17ms (Views: 0.7ms | ActiveRecord: 12.0ms)


Started POST "/api/todos" for ::1 at 2019-05-21 17:30:02 -0400
Processing by Api::TodosController#create as JSON
  Parameters: {"todo"=>{"title"=>"test", "body"=>"testing", "id"=>"4246", "done"=>"false"}}
Unpermitted parameter: :id
  [1m[35m (0.3ms)[0m  [1m[35mBEGIN[0m
  ↳ app/controllers/api/todos_controller.rb:14
  [1m[36mTodo Create (36.0ms)[0m  [1m[32mINSERT INTO "todos" ("title", "body", "done", "created_at", "updated_at") VALUES ($1, $2, $3, $4, $5) RETURNING "id"[0m  [["title", "test"], ["body", "testing"], ["done", false], ["created_at", "2019-05-21 21:30:02.939658"], ["updated_at", "2019-05-21 21:30:02.939658"]]
  ↳ app/controllers/api/todos_controller.rb:14
  [1m[35m (0.6ms)[0m  [1m[35mCOMMIT[0m
  ↳ app/controllers/api/todos_controller.rb:14
Completed 200 OK in 43ms (Views: 0.8ms | ActiveRecord: 36.9ms)


Started GET "/" for ::1 at 2019-05-21 17:30:28 -0400
Processing by StaticPagesController#root as HTML
  Rendering static_pages/root.html.erb within layouts/application
  Rendered static_pages/root.html.erb within layouts/application (0.7ms)
Completed 200 OK in 914ms (Views: 910.3ms | ActiveRecord: 0.0ms)


Started GET "/api/todos" for ::1 at 2019-05-21 17:30:29 -0400
Processing by Api::TodosController#index as JSON
  [1m[36mTodo Load (0.7ms)[0m  [1m[34mSELECT "todos".* FROM "todos"[0m
  ↳ app/controllers/api/todos_controller.rb:4
Completed 200 OK in 3ms (Views: 2.1ms | ActiveRecord: 0.7ms)


Started GET "/" for ::1 at 2019-05-21 17:31:52 -0400
Processing by StaticPagesController#root as HTML
  Rendering static_pages/root.html.erb within layouts/application
  Rendered static_pages/root.html.erb within layouts/application (0.5ms)
Completed 200 OK in 846ms (Views: 809.3ms | ActiveRecord: 0.0ms)


Started GET "/api/todos" for ::1 at 2019-05-21 17:31:53 -0400
Processing by Api::TodosController#index as JSON
  [1m[36mTodo Load (2.7ms)[0m  [1m[34mSELECT "todos".* FROM "todos"[0m
  ↳ app/controllers/api/todos_controller.rb:4
Completed 200 OK in 5ms (Views: 1.8ms | ActiveRecord: 2.7ms)


